#
# There is insufficient memory for the Java Runtime Environment to continue.
# Native memory allocation (malloc) failed to allocate 347216 bytes for Chunk::new
# Possible reasons:
#   The system is out of physical RAM or swap space
#   The process is running with CompressedOops enabled, and the Java Heap may be blocking the growth of the native heap
# Possible solutions:
#   Reduce memory load on the system
#   Increase physical memory or swap space
#   Check if swap backing store is full
#   Decrease Java heap size (-Xmx/-Xms)
#   Decrease number of Java threads
#   Decrease Java thread stack sizes (-Xss)
#   Set larger code cache with -XX:ReservedCodeCacheSize=
#   JVM is running with Unscaled Compressed Oops mode in which the Java heap is
#     placed in the first 4GB address space. The Java Heap base address is the
#     maximum limit for the native heap growth. Please use -XX:HeapBaseMinAddress
#     to set the Java Heap base and to place the Java Heap above 4GB virtual address.
# This output file may be truncated or incomplete.
#
#  Out of Memory Error (src/hotspot/share/memory/arena.cpp:197), pid=9812, tid=7524
#
# JRE version: OpenJDK Runtime Environment (11.0.15) (build 11.0.15+0-b2043.56-8887301)
# Java VM: OpenJDK 64-Bit Server VM (11.0.15+0-b2043.56-8887301, mixed mode, tiered, compressed oops, g1 gc, windows-amd64)
# No core dump will be written. Minidumps are not enabled by default on client versions of Windows
#

---------------  S U M M A R Y ------------

Command Line: --add-opens=java.base/java.util=ALL-UNNAMED --add-opens=java.base/java.lang=ALL-UNNAMED --add-opens=java.base/java.lang.invoke=ALL-UNNAMED --add-opens=java.base/java.util=ALL-UNNAMED --add-opens=java.prefs/java.util.prefs=ALL-UNNAMED --add-opens=java.prefs/java.util.prefs=ALL-UNNAMED --add-opens=java.base/java.nio.charset=ALL-UNNAMED --add-opens=java.base/java.net=ALL-UNNAMED --add-opens=java.base/java.util.concurrent.atomic=ALL-UNNAMED -Xmx2048m -Dfile.encoding=UTF-8 -Duser.country=IN -Duser.language=en -Duser.variant org.gradle.launcher.daemon.bootstrap.GradleDaemon 7.5

Host: 11th Gen Intel(R) Core(TM) i5-1135G7 @ 2.40GHz, 8 cores, 7G,  Windows 11 , 64 bit Build 22621 (10.0.22621.1344)
Time: Tue Apr  4 22:25:18 2023 India Standard Time elapsed time: 21.971593 seconds (0d 0h 0m 21s)

---------------  T H R E A D  ---------------

Current thread (0x000002a9fb268800):  JavaThread "C2 CompilerThread1" daemon [_thread_in_native, id=7524, stack(0x000000f2e3400000,0x000000f2e3500000)]


Current CompileTask:
C2:  21971 10333 %     4       com.google.gson.stream.JsonWriter::string @ 37 (169 bytes)

Stack: [0x000000f2e3400000,0x000000f2e3500000]
Native frames: (J=compiled Java code, j=interpreted, Vv=VM code, C=native code)
V  [jvm.dll+0x64135a]
V  [jvm.dll+0x7d39f9]
V  [jvm.dll+0x7d51b9]
V  [jvm.dll+0x7d58a3]
V  [jvm.dll+0x2691c5]
V  [jvm.dll+0xc1a5c]
V  [jvm.dll+0xc200c]
V  [jvm.dll+0x3774a7]
V  [jvm.dll+0x1b3914]
V  [jvm.dll+0x22163e]
V  [jvm.dll+0x220498]
V  [jvm.dll+0x19e851]
V  [jvm.dll+0x230479]
V  [jvm.dll+0x22e5ef]
V  [jvm.dll+0x794de1]
V  [jvm.dll+0x78dc24]
V  [jvm.dll+0x6400f6]
C  [ucrtbase.dll+0x29363]
C  [KERNEL32.DLL+0x126bd]
C  [ntdll.dll+0x5a9f8]


---------------  P R O C E S S  ---------------

Threads class SMR info:
_java_thread_list=0x000002a9ff55c0d0, length=133, elements={
0x000002a9dcfaf800, 0x000002a9f7496800, 0x000002a9f749b000, 0x000002a9f7493800,
0x000002a9f7cf4800, 0x000002a9f7cf7800, 0x000002a9f7cfb000, 0x000002a9f7d03800,
0x000002a9f7d04800, 0x000002a9f7e51000, 0x000002a9f9dd8000, 0x000002a9fa45e800,
0x000002a9fa0d4800, 0x000002a9f91ea000, 0x000002a9f91eb000, 0x000002a9f8ed0000,
0x000002a9f8ed1000, 0x000002a9f9bbc800, 0x000002a9f9bbd000, 0x000002a9f885c000,
0x000002a9f9bdd800, 0x000002a9f9bda000, 0x000002a9f9bdb800, 0x000002a9f9bde000,
0x000002a9f9bdc800, 0x000002a9f9bdf000, 0x000002a9f9be0000, 0x000002a9f9be0800,
0x000002a9f9bdb000, 0x000002a9fb496000, 0x000002a9fb493800, 0x000002a9fb490000,
0x000002a9fb494800, 0x000002a9fb496800, 0x000002a9fb491000, 0x000002a9fb492800,
0x000002a9fb497800, 0x000002a9fb492000, 0x000002a9fb499000, 0x000002a9fb49b800,
0x000002a9fb49d000, 0x000002a9fb49b000, 0x000002a9fb49a000, 0x000002a9fb49c800,
0x000002a9fb49e000, 0x000002a9fb498800, 0x000002a9fb49f000, 0x000002a9fb019000,
0x000002a9fb016000, 0x000002a9fb015000, 0x000002a9fb016800, 0x000002a9fb017800,
0x000002a9fb01a000, 0x000002a9fb018000, 0x000002a9fb014000, 0x000002a9fb01d000,
0x000002a9fb01f800, 0x000002a9fb01b800, 0x000002a9fb020800, 0x000002a9fb01e800,
0x000002a9fb01a800, 0x000002a9fb021000, 0x000002a9fb022000, 0x000002a9fb01e000,
0x000002a9fb01c800, 0x000002a9fb023000, 0x000002a9f956f000, 0x000002a9f9570000,
0x000002a9f9570800, 0x000002a9f956e000, 0x000002a9f9571800, 0x000002a9f9572800,
0x000002a9f956c800, 0x000002a9f9573000, 0x000002a9f956d800, 0x000002a9f9578000,
0x000002a9f9579800, 0x000002a9f9574000, 0x000002a9f957a800, 0x000002a9f9579000,
0x000002a9f9575000, 0x000002a9f957b800, 0x000002a9f9575800, 0x000002a9f9576800,
0x000002a9f9577000, 0x000002a9fbc0e000, 0x000002a9fbc14800, 0x000002a9fbc0e800,
0x000002a9fbc0f800, 0x000002a9fbc15000, 0x000002a9fbc10000, 0x000002a9fbc17000,
0x000002a9fbc11000, 0x000002a9fbc16000, 0x000002a9fbc12000, 0x000002a9fbc17800,
0x000002a9fbc13800, 0x000002a9fbc18800, 0x000002a9fbc12800, 0x000002a9fbc19000,
0x000002a9fbc1a000, 0x000002a9fbc1b000, 0x000002a9fbc1b800, 0x000002a9fbc1c800,
0x000002a9f931d800, 0x000002a9f931e800, 0x000002a9f9320000, 0x000002a9f931f000,
0x000002a9f9320800, 0x000002a9f9321800, 0x000002a9f9322800, 0x000002a9f931c800,
0x000002a9f9325000, 0x000002a9f9323000, 0x000002a9f9325800, 0x000002a9f9328000,
0x000002a9f9326800, 0x000002a9f9327000, 0x000002a9fb268800, 0x000002a9f9329000,
0x000002a9f9329800, 0x000002a9f9324000, 0x000002a9f932a800, 0x000002a9f932b800,
0x000002a982cf1800, 0x000002a982cf4000, 0x000002a982cf6800, 0x000002a982cf1000,
0x000002a982cf7800, 0x000002a982cf6000, 0x000002a982cf3800, 0x000002a982cf5000,
0x000002a982cf2800
}

Java Threads: ( => current thread )
  0x000002a9dcfaf800 JavaThread "main" [_thread_blocked, id=8952, stack(0x000000f2dae00000,0x000000f2daf00000)]
  0x000002a9f7496800 JavaThread "Reference Handler" daemon [_thread_blocked, id=7616, stack(0x000000f2db500000,0x000000f2db600000)]
  0x000002a9f749b000 JavaThread "Finalizer" daemon [_thread_blocked, id=13544, stack(0x000000f2db600000,0x000000f2db700000)]
  0x000002a9f7493800 JavaThread "Signal Dispatcher" daemon [_thread_blocked, id=12064, stack(0x000000f2db700000,0x000000f2db800000)]
  0x000002a9f7cf4800 JavaThread "Attach Listener" daemon [_thread_blocked, id=8640, stack(0x000000f2db800000,0x000000f2db900000)]
  0x000002a9f7cf7800 JavaThread "Service Thread" daemon [_thread_blocked, id=15556, stack(0x000000f2db900000,0x000000f2dba00000)]
  0x000002a9f7cfb000 JavaThread "C2 CompilerThread0" daemon [_thread_in_native, id=11472, stack(0x000000f2dba00000,0x000000f2dbb00000)]
  0x000002a9f7d03800 JavaThread "C1 CompilerThread0" daemon [_thread_in_vm, id=11004, stack(0x000000f2dbb00000,0x000000f2dbc00000)]
  0x000002a9f7d04800 JavaThread "Sweeper thread" daemon [_thread_blocked, id=5052, stack(0x000000f2dbc00000,0x000000f2dbd00000)]
  0x000002a9f7e51000 JavaThread "Common-Cleaner" daemon [_thread_blocked, id=8016, stack(0x000000f2dbd00000,0x000000f2dbe00000)]
  0x000002a9f9dd8000 JavaThread "Daemon health stats" [_thread_blocked, id=12028, stack(0x000000f2dc300000,0x000000f2dc400000)]
  0x000002a9fa45e800 JavaThread "Incoming local TCP Connector on port 61133" [_thread_in_native, id=12820, stack(0x000000f2dbf00000,0x000000f2dc000000)]
  0x000002a9fa0d4800 JavaThread "Daemon periodic checks" [_thread_blocked, id=3288, stack(0x000000f2dc000000,0x000000f2dc100000)]
  0x000002a9f91ea000 JavaThread "Daemon" [_thread_blocked, id=1552, stack(0x000000f2dc400000,0x000000f2dc500000)]
  0x000002a9f91eb000 JavaThread "Handler for socket connection from /127.0.0.1:61133 to /127.0.0.1:61134" [_thread_in_native, id=14372, stack(0x000000f2dc500000,0x000000f2dc600000)]
  0x000002a9f8ed0000 JavaThread "Cancel handler" [_thread_blocked, id=1516, stack(0x000000f2dc600000,0x000000f2dc700000)]
  0x000002a9f8ed1000 JavaThread "Daemon worker" [_thread_blocked, id=11972, stack(0x000000f2dc700000,0x000000f2dc800000)]
  0x000002a9f9bbc800 JavaThread "Asynchronous log dispatcher for DefaultDaemonConnection: socket connection from /127.0.0.1:61133 to /127.0.0.1:61134" [_thread_blocked, id=1192, stack(0x000000f2dc800000,0x000000f2dc900000)]
  0x000002a9f9bbd000 JavaThread "Stdin handler" [_thread_blocked, id=2476, stack(0x000000f2dc900000,0x000000f2dca00000)]
  0x000002a9f885c000 JavaThread "Daemon client event forwarder" [_thread_in_vm, id=15008, stack(0x000000f2dca00000,0x000000f2dcb00000)]
  0x000002a9f9bdd800 JavaThread "Cache worker for journal cache (C:\Users\mehul\.gradle\caches\journal-1)" [_thread_blocked, id=16196, stack(0x000000f2dd000000,0x000000f2dd100000)]
  0x000002a9f9bda000 JavaThread "File lock request listener" [_thread_in_native, id=14700, stack(0x000000f2dd100000,0x000000f2dd200000)]
  0x000002a9f9bdb800 JavaThread "Cache worker for file hash cache (C:\Users\mehul\.gradle\caches\7.5\fileHashes)" [_thread_blocked, id=7008, stack(0x000000f2dd200000,0x000000f2dd300000)]
  0x000002a9f9bde000 JavaThread "File watcher server" daemon [_thread_in_native, id=12652, stack(0x000000f2dd600000,0x000000f2dd700000)]
  0x000002a9f9bdc800 JavaThread "File watcher consumer" daemon [_thread_blocked, id=868, stack(0x000000f2dd700000,0x000000f2dd800000)]
  0x000002a9f9bdf000 JavaThread "Cache worker for checksums cache (C:\Users\mehul\AndroidStudioProjects\project_mad\.gradle\7.5\checksums)" [_thread_blocked, id=14660, stack(0x000000f2dd500000,0x000000f2dd600000)]
  0x000002a9f9be0000 JavaThread "Cache worker for cache directory md-rule (C:\Users\mehul\.gradle\caches\7.5\md-rule)" [_thread_blocked, id=14312, stack(0x000000f2dd800000,0x000000f2dd900000)]
  0x000002a9f9be0800 JavaThread "Cache worker for file content cache (C:\Users\mehul\.gradle\caches\7.5\fileContent)" [_thread_blocked, id=15660, stack(0x000000f2dd900000,0x000000f2dda00000)]
  0x000002a9f9bdb000 JavaThread "Cache worker for file hash cache (C:\Users\mehul\AndroidStudioProjects\project_mad\.gradle\7.5\fileHashes)" [_thread_blocked, id=15016, stack(0x000000f2dda00000,0x000000f2ddb00000)]
  0x000002a9fb496000 JavaThread "Cache worker for cache directory md-supplier (C:\Users\mehul\.gradle\caches\7.5\md-supplier)" [_thread_blocked, id=14208, stack(0x000000f2ddb00000,0x000000f2ddc00000)]
  0x000002a9fb493800 JavaThread "Cache worker for execution history cache (C:\Users\mehul\.gradle\caches\7.5\executionHistory)" [_thread_blocked, id=10152, stack(0x000000f2ddc00000,0x000000f2ddd00000)]
  0x000002a9fb490000 JavaThread "jar transforms" [_thread_blocked, id=11040, stack(0x000000f2dd400000,0x000000f2dd500000)]
  0x000002a9fb494800 JavaThread "jar transforms Thread 2" [_thread_blocked, id=6928, stack(0x000000f2ddd00000,0x000000f2dde00000)]
  0x000002a9fb496800 JavaThread "jar transforms Thread 3" [_thread_blocked, id=7812, stack(0x000000f2de000000,0x000000f2de100000)]
  0x000002a9fb491000 JavaThread "jar transforms Thread 4" [_thread_blocked, id=5764, stack(0x000000f2de100000,0x000000f2de200000)]
  0x000002a9fb492800 JavaThread "Cache worker for dependencies-accessors (C:\Users\mehul\AndroidStudioProjects\project_mad\.gradle\7.5\dependencies-accessors)" [_thread_blocked, id=11704, stack(0x000000f2de200000,0x000000f2de300000)]
  0x000002a9fb497800 JavaThread "jar transforms Thread 5" [_thread_blocked, id=6888, stack(0x000000f2de300000,0x000000f2de400000)]
  0x000002a9fb492000 JavaThread "Cache worker for Build Output Cleanup Cache (C:\Users\mehul\AndroidStudioProjects\project_mad\.gradle\buildOutputCleanup)" [_thread_blocked, id=8568, stack(0x000000f2dde00000,0x000000f2ddf00000)]
  0x000002a9fb499000 JavaThread "Unconstrained build operations" [_thread_blocked, id=11532, stack(0x000000f2ddf00000,0x000000f2de000000)]
  0x000002a9fb49b800 JavaThread "Unconstrained build operations Thread 2" [_thread_blocked, id=15100, stack(0x000000f2de500000,0x000000f2de600000)]
  0x000002a9fb49d000 JavaThread "Unconstrained build operations Thread 3" [_thread_blocked, id=11552, stack(0x000000f2de600000,0x000000f2de700000)]
  0x000002a9fb49b000 JavaThread "Unconstrained build operations Thread 4" [_thread_blocked, id=4324, stack(0x000000f2de700000,0x000000f2de800000)]
  0x000002a9fb49a000 JavaThread "Unconstrained build operations Thread 5" [_thread_blocked, id=1492, stack(0x000000f2de800000,0x000000f2de900000)]
  0x000002a9fb49c800 JavaThread "Unconstrained build operations Thread 6" [_thread_blocked, id=15412, stack(0x000000f2de900000,0x000000f2dea00000)]
  0x000002a9fb49e000 JavaThread "Unconstrained build operations Thread 7" [_thread_blocked, id=7700, stack(0x000000f2dea00000,0x000000f2deb00000)]
  0x000002a9fb498800 JavaThread "Unconstrained build operations Thread 8" [_thread_blocked, id=4512, stack(0x000000f2deb00000,0x000000f2dec00000)]
  0x000002a9fb49f000 JavaThread "Unconstrained build operations Thread 9" [_thread_blocked, id=15552, stack(0x000000f2dec00000,0x000000f2ded00000)]
  0x000002a9fb019000 JavaThread "Unconstrained build operations Thread 10" [_thread_blocked, id=13408, stack(0x000000f2ded00000,0x000000f2dee00000)]
  0x000002a9fb016000 JavaThread "Unconstrained build operations Thread 11" [_thread_blocked, id=8220, stack(0x000000f2dee00000,0x000000f2def00000)]
  0x000002a9fb015000 JavaThread "Unconstrained build operations Thread 12" [_thread_blocked, id=14916, stack(0x000000f2def00000,0x000000f2df000000)]
  0x000002a9fb016800 JavaThread "Unconstrained build operations Thread 13" [_thread_blocked, id=14876, stack(0x000000f2df000000,0x000000f2df100000)]
  0x000002a9fb017800 JavaThread "Unconstrained build operations Thread 14" [_thread_blocked, id=6496, stack(0x000000f2df100000,0x000000f2df200000)]
  0x000002a9fb01a000 JavaThread "Unconstrained build operations Thread 15" [_thread_blocked, id=13484, stack(0x000000f2df200000,0x000000f2df300000)]
  0x000002a9fb018000 JavaThread "Unconstrained build operations Thread 16" [_thread_blocked, id=11816, stack(0x000000f2df300000,0x000000f2df400000)]
  0x000002a9fb014000 JavaThread "Unconstrained build operations Thread 17" [_thread_blocked, id=9880, stack(0x000000f2df400000,0x000000f2df500000)]
  0x000002a9fb01d000 JavaThread "Unconstrained build operations Thread 18" [_thread_blocked, id=10340, stack(0x000000f2df500000,0x000000f2df600000)]
  0x000002a9fb01f800 JavaThread "Unconstrained build operations Thread 19" [_thread_blocked, id=15176, stack(0x000000f2df600000,0x000000f2df700000)]
  0x000002a9fb01b800 JavaThread "Unconstrained build operations Thread 20" [_thread_blocked, id=1636, stack(0x000000f2df700000,0x000000f2df800000)]
  0x000002a9fb020800 JavaThread "Unconstrained build operations Thread 21" [_thread_blocked, id=736, stack(0x000000f2df800000,0x000000f2df900000)]
  0x000002a9fb01e800 JavaThread "Unconstrained build operations Thread 22" [_thread_blocked, id=12112, stack(0x000000f2df900000,0x000000f2dfa00000)]
  0x000002a9fb01a800 JavaThread "Unconstrained build operations Thread 23" [_thread_blocked, id=7464, stack(0x000000f2dfa00000,0x000000f2dfb00000)]
  0x000002a9fb021000 JavaThread "Unconstrained build operations Thread 24" [_thread_blocked, id=16220, stack(0x000000f2dfb00000,0x000000f2dfc00000)]
  0x000002a9fb022000 JavaThread "Unconstrained build operations Thread 25" [_thread_blocked, id=9144, stack(0x000000f2dfc00000,0x000000f2dfd00000)]
  0x000002a9fb01e000 JavaThread "Unconstrained build operations Thread 26" [_thread_blocked, id=296, stack(0x000000f2dfd00000,0x000000f2dfe00000)]
  0x000002a9fb01c800 JavaThread "Unconstrained build operations Thread 27" [_thread_blocked, id=4812, stack(0x000000f2dfe00000,0x000000f2dff00000)]
  0x000002a9fb023000 JavaThread "Unconstrained build operations Thread 28" [_thread_blocked, id=2820, stack(0x000000f2dff00000,0x000000f2e0000000)]
  0x000002a9f956f000 JavaThread "Unconstrained build operations Thread 29" [_thread_blocked, id=10400, stack(0x000000f2e0000000,0x000000f2e0100000)]
  0x000002a9f9570000 JavaThread "Unconstrained build operations Thread 30" [_thread_blocked, id=11000, stack(0x000000f2e0100000,0x000000f2e0200000)]
  0x000002a9f9570800 JavaThread "Unconstrained build operations Thread 31" [_thread_blocked, id=7884, stack(0x000000f2e0200000,0x000000f2e0300000)]
  0x000002a9f956e000 JavaThread "Unconstrained build operations Thread 32" [_thread_blocked, id=12640, stack(0x000000f2e0300000,0x000000f2e0400000)]
  0x000002a9f9571800 JavaThread "Unconstrained build operations Thread 33" [_thread_blocked, id=16252, stack(0x000000f2e0400000,0x000000f2e0500000)]
  0x000002a9f9572800 JavaThread "Unconstrained build operations Thread 34" [_thread_blocked, id=12576, stack(0x000000f2e0500000,0x000000f2e0600000)]
  0x000002a9f956c800 JavaThread "Unconstrained build operations Thread 35" [_thread_blocked, id=776, stack(0x000000f2e0600000,0x000000f2e0700000)]
  0x000002a9f9573000 JavaThread "Unconstrained build operations Thread 36" [_thread_blocked, id=10128, stack(0x000000f2e0700000,0x000000f2e0800000)]
  0x000002a9f956d800 JavaThread "Unconstrained build operations Thread 37" [_thread_blocked, id=2800, stack(0x000000f2e0800000,0x000000f2e0900000)]
  0x000002a9f9578000 JavaThread "Unconstrained build operations Thread 38" [_thread_blocked, id=2992, stack(0x000000f2e0900000,0x000000f2e0a00000)]
  0x000002a9f9579800 JavaThread "Unconstrained build operations Thread 39" [_thread_blocked, id=2680, stack(0x000000f2e0a00000,0x000000f2e0b00000)]
  0x000002a9f9574000 JavaThread "Unconstrained build operations Thread 40" [_thread_blocked, id=6804, stack(0x000000f2e0b00000,0x000000f2e0c00000)]
  0x000002a9f957a800 JavaThread "Unconstrained build operations Thread 41" [_thread_blocked, id=14080, stack(0x000000f2e0c00000,0x000000f2e0d00000)]
  0x000002a9f9579000 JavaThread "Unconstrained build operations Thread 42" [_thread_blocked, id=8100, stack(0x000000f2e0d00000,0x000000f2e0e00000)]
  0x000002a9f9575000 JavaThread "Unconstrained build operations Thread 43" [_thread_blocked, id=1908, stack(0x000000f2e0e00000,0x000000f2e0f00000)]
  0x000002a9f957b800 JavaThread "Unconstrained build operations Thread 44" [_thread_blocked, id=14736, stack(0x000000f2e0f00000,0x000000f2e1000000)]
  0x000002a9f9575800 JavaThread "Unconstrained build operations Thread 45" [_thread_blocked, id=9892, stack(0x000000f2e1000000,0x000000f2e1100000)]
  0x000002a9f9576800 JavaThread "Unconstrained build operations Thread 46" [_thread_blocked, id=14132, stack(0x000000f2e1100000,0x000000f2e1200000)]
  0x000002a9f9577000 JavaThread "Unconstrained build operations Thread 47" [_thread_blocked, id=10624, stack(0x000000f2e1200000,0x000000f2e1300000)]
  0x000002a9fbc0e000 JavaThread "Unconstrained build operations Thread 48" [_thread_blocked, id=8796, stack(0x000000f2e1300000,0x000000f2e1400000)]
  0x000002a9fbc14800 JavaThread "Unconstrained build operations Thread 49" [_thread_blocked, id=10896, stack(0x000000f2e1400000,0x000000f2e1500000)]
  0x000002a9fbc0e800 JavaThread "Unconstrained build operations Thread 50" [_thread_blocked, id=14048, stack(0x000000f2e1500000,0x000000f2e1600000)]
  0x000002a9fbc0f800 JavaThread "Unconstrained build operations Thread 51" [_thread_blocked, id=13796, stack(0x000000f2e1600000,0x000000f2e1700000)]
  0x000002a9fbc15000 JavaThread "Unconstrained build operations Thread 52" [_thread_blocked, id=5188, stack(0x000000f2e1700000,0x000000f2e1800000)]
  0x000002a9fbc10000 JavaThread "Unconstrained build operations Thread 53" [_thread_blocked, id=1956, stack(0x000000f2e1800000,0x000000f2e1900000)]
  0x000002a9fbc17000 JavaThread "Unconstrained build operations Thread 54" [_thread_blocked, id=8692, stack(0x000000f2e1900000,0x000000f2e1a00000)]
  0x000002a9fbc11000 JavaThread "Unconstrained build operations Thread 55" [_thread_blocked, id=2384, stack(0x000000f2e1a00000,0x000000f2e1b00000)]
  0x000002a9fbc16000 JavaThread "Unconstrained build operations Thread 56" [_thread_blocked, id=4256, stack(0x000000f2e1b00000,0x000000f2e1c00000)]
  0x000002a9fbc12000 JavaThread "Unconstrained build operations Thread 57" [_thread_blocked, id=13716, stack(0x000000f2e1c00000,0x000000f2e1d00000)]
  0x000002a9fbc17800 JavaThread "Unconstrained build operations Thread 58" [_thread_blocked, id=716, stack(0x000000f2e1d00000,0x000000f2e1e00000)]
  0x000002a9fbc13800 JavaThread "Unconstrained build operations Thread 59" [_thread_blocked, id=3400, stack(0x000000f2e1e00000,0x000000f2e1f00000)]
  0x000002a9fbc18800 JavaThread "Unconstrained build operations Thread 60" [_thread_blocked, id=8932, stack(0x000000f2e1f00000,0x000000f2e2000000)]
  0x000002a9fbc12800 JavaThread "Unconstrained build operations Thread 61" [_thread_blocked, id=1224, stack(0x000000f2e2000000,0x000000f2e2100000)]
  0x000002a9fbc19000 JavaThread "Unconstrained build operations Thread 62" [_thread_blocked, id=1796, stack(0x000000f2e2100000,0x000000f2e2200000)]
  0x000002a9fbc1a000 JavaThread "Unconstrained build operations Thread 63" [_thread_blocked, id=8436, stack(0x000000f2e2200000,0x000000f2e2300000)]
  0x000002a9fbc1b000 JavaThread "Unconstrained build operations Thread 64" [_thread_blocked, id=11852, stack(0x000000f2e2300000,0x000000f2e2400000)]
  0x000002a9fbc1b800 JavaThread "Unconstrained build operations Thread 65" [_thread_blocked, id=15468, stack(0x000000f2e2400000,0x000000f2e2500000)]
  0x000002a9fbc1c800 JavaThread "Unconstrained build operations Thread 66" [_thread_blocked, id=9196, stack(0x000000f2e2500000,0x000000f2e2600000)]
  0x000002a9f931d800 JavaThread "Unconstrained build operations Thread 67" [_thread_blocked, id=12876, stack(0x000000f2e2600000,0x000000f2e2700000)]
  0x000002a9f931e800 JavaThread "Unconstrained build operations Thread 68" [_thread_blocked, id=6872, stack(0x000000f2e2700000,0x000000f2e2800000)]
  0x000002a9f9320000 JavaThread "Unconstrained build operations Thread 69" [_thread_blocked, id=5456, stack(0x000000f2e2800000,0x000000f2e2900000)]
  0x000002a9f931f000 JavaThread "Unconstrained build operations Thread 70" [_thread_blocked, id=10704, stack(0x000000f2e2900000,0x000000f2e2a00000)]
  0x000002a9f9320800 JavaThread "Unconstrained build operations Thread 71" [_thread_blocked, id=1352, stack(0x000000f2e2a00000,0x000000f2e2b00000)]
  0x000002a9f9321800 JavaThread "Unconstrained build operations Thread 72" [_thread_blocked, id=10520, stack(0x000000f2e2b00000,0x000000f2e2c00000)]
  0x000002a9f9322800 JavaThread "Unconstrained build operations Thread 73" [_thread_blocked, id=6592, stack(0x000000f2e2c00000,0x000000f2e2d00000)]
  0x000002a9f931c800 JavaThread "Unconstrained build operations Thread 74" [_thread_blocked, id=7484, stack(0x000000f2e2d00000,0x000000f2e2e00000)]
  0x000002a9f9325000 JavaThread "Unconstrained build operations Thread 75" [_thread_blocked, id=1952, stack(0x000000f2e2e00000,0x000000f2e2f00000)]
  0x000002a9f9323000 JavaThread "Unconstrained build operations Thread 76" [_thread_blocked, id=16132, stack(0x000000f2e2f00000,0x000000f2e3000000)]
  0x000002a9f9325800 JavaThread "Unconstrained build operations Thread 77" [_thread_blocked, id=7732, stack(0x000000f2e3000000,0x000000f2e3100000)]
  0x000002a9f9328000 JavaThread "Unconstrained build operations Thread 78" [_thread_blocked, id=2392, stack(0x000000f2e3100000,0x000000f2e3200000)]
  0x000002a9f9326800 JavaThread "Unconstrained build operations Thread 79" [_thread_blocked, id=3380, stack(0x000000f2e3200000,0x000000f2e3300000)]
  0x000002a9f9327000 JavaThread "Unconstrained build operations Thread 80" [_thread_blocked, id=15012, stack(0x000000f2e3300000,0x000000f2e3400000)]
=>0x000002a9fb268800 JavaThread "C2 CompilerThread1" daemon [_thread_in_native, id=7524, stack(0x000000f2e3400000,0x000000f2e3500000)]
  0x000002a9f9329000 JavaThread "jar transforms Thread 6" [_thread_blocked, id=13584, stack(0x000000f2e3500000,0x000000f2e3600000)]
  0x000002a9f9329800 JavaThread "jar transforms Thread 7" [_thread_blocked, id=11796, stack(0x000000f2e3600000,0x000000f2e3700000)]
  0x000002a9f9324000 JavaThread "jar transforms Thread 8" [_thread_blocked, id=15848, stack(0x000000f2e3700000,0x000000f2e3800000)]
  0x000002a9f932a800 JavaThread "build event listener" [_thread_blocked, id=14084, stack(0x000000f2e3800000,0x000000f2e3900000)]
  0x000002a9f932b800 JavaThread "Memory manager" [_thread_blocked, id=11096, stack(0x000000f2e3900000,0x000000f2e3a00000)]
  0x000002a982cf1800 JavaThread "included builds" [_thread_in_Java, id=10644, stack(0x000000f2e3a00000,0x000000f2e3b00000)]
  0x000002a982cf4000 JavaThread "Execution worker" [_thread_blocked, id=7680, stack(0x000000f2e3b00000,0x000000f2e3c00000)]
  0x000002a982cf6800 JavaThread "Execution worker Thread 2" [_thread_blocked, id=12964, stack(0x000000f2e3c00000,0x000000f2e3d00000)]
  0x000002a982cf1000 JavaThread "Execution worker Thread 3" [_thread_blocked, id=13668, stack(0x000000f2e3d00000,0x000000f2e3e00000)]
  0x000002a982cf7800 JavaThread "Execution worker Thread 4" [_thread_blocked, id=10880, stack(0x000000f2e3e00000,0x000000f2e3f00000)]
  0x000002a982cf6000 JavaThread "Execution worker Thread 5" [_thread_blocked, id=13348, stack(0x000000f2e3f00000,0x000000f2e4000000)]
  0x000002a982cf3800 JavaThread "Execution worker Thread 6" [_thread_blocked, id=5156, stack(0x000000f2e4000000,0x000000f2e4100000)]
  0x000002a982cf5000 JavaThread "Execution worker Thread 7" [_thread_blocked, id=12676, stack(0x000000f2e4100000,0x000000f2e4200000)]
  0x000002a982cf2800 JavaThread "Cache worker for execution history cache (C:\Users\mehul\AndroidStudioProjects\project_mad\.gradle\7.5\executionHistory)" [_thread_blocked, id=14516, stack(0x000000f2e4200000,0x000000f2e4300000)]

Other Threads:
  0x000002a9f7481800 VMThread "VM Thread" [stack: 0x000000f2db400000,0x000000f2db500000] [id=15504]
  0x000002a9f7e5c000 WatcherThread [stack: 0x000000f2dbe00000,0x000000f2dbf00000] [id=9380]
  0x000002a9dcfca000 GCTaskThread "GC Thread#0" [stack: 0x000000f2daf00000,0x000000f2db000000] [id=10860]
  0x000002a9f8625800 GCTaskThread "GC Thread#1" [stack: 0x000000f2dc100000,0x000000f2dc200000] [id=1868]
  0x000002a9f860d800 GCTaskThread "GC Thread#2" [stack: 0x000000f2dc200000,0x000000f2dc300000] [id=1560]
  0x000002a9fa663800 GCTaskThread "GC Thread#3" [stack: 0x000000f2dcb00000,0x000000f2dcc00000] [id=2056]
  0x000002a9f9484000 GCTaskThread "GC Thread#4" [stack: 0x000000f2dcc00000,0x000000f2dcd00000] [id=10892]
  0x000002a9fa057800 GCTaskThread "GC Thread#5" [stack: 0x000000f2dcd00000,0x000000f2dce00000] [id=14380]
  0x000002a9f9ec6800 GCTaskThread "GC Thread#6" [stack: 0x000000f2dce00000,0x000000f2dcf00000] [id=14780]
  0x000002a9fa352000 GCTaskThread "GC Thread#7" [stack: 0x000000f2dcf00000,0x000000f2dd000000] [id=7500]
  0x000002a9dcffb000 ConcurrentGCThread "G1 Main Marker" [stack: 0x000000f2db000000,0x000000f2db100000] [id=8820]
  0x000002a9dcffd000 ConcurrentGCThread "G1 Conc#0" [stack: 0x000000f2db100000,0x000000f2db200000] [id=11204]
  0x000002a9fa6ce800 ConcurrentGCThread "G1 Conc#1" [stack: 0x000000f2dd300000,0x000000f2dd400000] [id=9424]
  0x000002a9dd07e000 ConcurrentGCThread "G1 Refine#0" [stack: 0x000000f2db200000,0x000000f2db300000] [id=1264]
  0x000002a9f72d4800 ConcurrentGCThread "G1 Young RemSet Sampling" [stack: 0x000000f2db300000,0x000000f2db400000] [id=13180]

Threads with active compile tasks:
C2 CompilerThread0    22016 10295 % !   4       com.android.ide.common.resources.DataMerger::mergeData @ 148 (611 bytes)
C1 CompilerThread0    22016 10417 %     3       org.apache.xerces.util.XMLChar::isValidName @ 31 (56 bytes)
C2 CompilerThread1    22016 10333 %     4       com.google.gson.stream.JsonWriter::string @ 37 (169 bytes)

VM state:not at safepoint (normal execution)

VM Mutex/Monitor currently owned by a thread: None

Heap address: 0x0000000080000000, size: 2048 MB, Compressed Oops mode: 32-bit
Narrow klass base: 0x0000000000000000, Narrow klass shift: 3
Compressed class space size: 1073741824 Address: 0x0000000100000000

Heap:
 garbage-first heap   total 193536K, used 128410K [0x0000000080000000, 0x0000000100000000)
  region size 1024K, 51 young (52224K), 11 survivors (11264K)
 Metaspace       used 92097K, capacity 94676K, committed 94896K, reserved 1130496K
  class space    used 12063K, capacity 13073K, committed 13208K, reserved 1048576K
Heap Regions: E=young(eden), S=young(survivor), O=old, HS=humongous(starts), HC=humongous(continues), CS=collection set, F=free, A=archive, TAMS=top-at-mark-start (previous, next)
|   0|0x0000000080000000, 0x0000000080100000, 0x0000000080100000|100%| O|  |TAMS 0x0000000080100000, 0x0000000080000000| Untracked 
|   1|0x0000000080100000, 0x0000000080200000, 0x0000000080200000|100%| O|  |TAMS 0x0000000080200000, 0x0000000080100000| Untracked 
|   2|0x0000000080200000, 0x0000000080300000, 0x0000000080300000|100%| O|  |TAMS 0x0000000080300000, 0x0000000080200000| Untracked 
|   3|0x0000000080300000, 0x0000000080400000, 0x0000000080400000|100%|HS|  |TAMS 0x0000000080400000, 0x0000000080300000| Complete 
|   4|0x0000000080400000, 0x0000000080500000, 0x0000000080500000|100%|HC|  |TAMS 0x0000000080500000, 0x0000000080400000| Complete 
|   5|0x0000000080500000, 0x0000000080600000, 0x0000000080600000|100%|HC|  |TAMS 0x0000000080600000, 0x0000000080500000| Complete 
|   6|0x0000000080600000, 0x0000000080700000, 0x0000000080700000|100%| O|  |TAMS 0x0000000080700000, 0x0000000080600000| Untracked 
|   7|0x0000000080700000, 0x0000000080800000, 0x0000000080800000|100%| O|  |TAMS 0x0000000080800000, 0x0000000080700000| Untracked 
|   8|0x0000000080800000, 0x0000000080900000, 0x0000000080900000|100%| O|  |TAMS 0x0000000080900000, 0x0000000080800000| Untracked 
|   9|0x0000000080900000, 0x0000000080a00000, 0x0000000080a00000|100%| O|  |TAMS 0x0000000080a00000, 0x0000000080900000| Untracked 
|  10|0x0000000080a00000, 0x0000000080b00000, 0x0000000080b00000|100%| O|  |TAMS 0x0000000080b00000, 0x0000000080a00000| Untracked 
|  11|0x0000000080b00000, 0x0000000080c00000, 0x0000000080c00000|100%| O|  |TAMS 0x0000000080c00000, 0x0000000080b00000| Untracked 
|  12|0x0000000080c00000, 0x0000000080d00000, 0x0000000080d00000|100%| O|  |TAMS 0x0000000080d00000, 0x0000000080c00000| Untracked 
|  13|0x0000000080d00000, 0x0000000080e00000, 0x0000000080e00000|100%| O|  |TAMS 0x0000000080e00000, 0x0000000080d00000| Untracked 
|  14|0x0000000080e00000, 0x0000000080f00000, 0x0000000080f00000|100%| O|  |TAMS 0x0000000080f00000, 0x0000000080e00000| Untracked 
|  15|0x0000000080f00000, 0x0000000081000000, 0x0000000081000000|100%| O|  |TAMS 0x0000000081000000, 0x0000000080f00000| Untracked 
|  16|0x0000000081000000, 0x0000000081100000, 0x0000000081100000|100%| O|  |TAMS 0x0000000081100000, 0x0000000081000000| Untracked 
|  17|0x0000000081100000, 0x0000000081200000, 0x0000000081200000|100%| O|  |TAMS 0x0000000081200000, 0x0000000081100000| Untracked 
|  18|0x0000000081200000, 0x0000000081300000, 0x0000000081300000|100%| O|  |TAMS 0x0000000081300000, 0x0000000081200000| Untracked 
|  19|0x0000000081300000, 0x0000000081400000, 0x0000000081400000|100%| O|  |TAMS 0x0000000081400000, 0x0000000081300000| Untracked 
|  20|0x0000000081400000, 0x0000000081500000, 0x0000000081500000|100%| O|  |TAMS 0x0000000081500000, 0x0000000081400000| Untracked 
|  21|0x0000000081500000, 0x0000000081600000, 0x0000000081600000|100%| O|  |TAMS 0x0000000081600000, 0x0000000081500000| Untracked 
|  22|0x0000000081600000, 0x0000000081700000, 0x0000000081700000|100%| O|  |TAMS 0x0000000081700000, 0x0000000081600000| Untracked 
|  23|0x0000000081700000, 0x0000000081800000, 0x0000000081800000|100%| O|  |TAMS 0x0000000081800000, 0x0000000081700000| Untracked 
|  24|0x0000000081800000, 0x0000000081900000, 0x0000000081900000|100%| O|  |TAMS 0x0000000081900000, 0x0000000081800000| Untracked 
|  25|0x0000000081900000, 0x0000000081a00000, 0x0000000081a00000|100%| O|  |TAMS 0x0000000081a00000, 0x0000000081900000| Untracked 
|  26|0x0000000081a00000, 0x0000000081b00000, 0x0000000081b00000|100%| O|  |TAMS 0x0000000081b00000, 0x0000000081a00000| Untracked 
|  27|0x0000000081b00000, 0x0000000081c00000, 0x0000000081c00000|100%|HS|  |TAMS 0x0000000081c00000, 0x0000000081b00000| Complete 
|  28|0x0000000081c00000, 0x0000000081d00000, 0x0000000081d00000|100%|HS|  |TAMS 0x0000000081d00000, 0x0000000081c00000| Complete 
|  29|0x0000000081d00000, 0x0000000081e00000, 0x0000000081e00000|100%| O|  |TAMS 0x0000000081e00000, 0x0000000081d00000| Untracked 
|  30|0x0000000081e00000, 0x0000000081f00000, 0x0000000081f00000|100%| O|  |TAMS 0x0000000081f00000, 0x0000000081e00000| Untracked 
|  31|0x0000000081f00000, 0x0000000082000000, 0x0000000082000000|100%| O|  |TAMS 0x0000000082000000, 0x0000000081f00000| Untracked 
|  32|0x0000000082000000, 0x0000000082100000, 0x0000000082100000|100%| O|  |TAMS 0x0000000082100000, 0x0000000082000000| Untracked 
|  33|0x0000000082100000, 0x0000000082200000, 0x0000000082200000|100%| O|  |TAMS 0x0000000082200000, 0x0000000082100000| Untracked 
|  34|0x0000000082200000, 0x0000000082300000, 0x0000000082300000|100%| O|  |TAMS 0x0000000082300000, 0x0000000082200000| Untracked 
|  35|0x0000000082300000, 0x0000000082400000, 0x0000000082400000|100%| O|  |TAMS 0x0000000082400000, 0x0000000082300000| Untracked 
|  36|0x0000000082400000, 0x0000000082500000, 0x0000000082500000|100%| O|  |TAMS 0x0000000082500000, 0x0000000082400000| Untracked 
|  37|0x0000000082500000, 0x0000000082600000, 0x0000000082600000|100%| O|  |TAMS 0x0000000082600000, 0x0000000082500000| Untracked 
|  38|0x0000000082600000, 0x0000000082700000, 0x0000000082700000|100%| O|  |TAMS 0x0000000082700000, 0x0000000082600000| Untracked 
|  39|0x0000000082700000, 0x0000000082800000, 0x0000000082800000|100%| O|  |TAMS 0x0000000082720200, 0x0000000082700000| Untracked 
|  40|0x0000000082800000, 0x0000000082900000, 0x0000000082900000|100%| O|  |TAMS 0x0000000082800000, 0x0000000082800000| Untracked 
|  41|0x0000000082900000, 0x0000000082a00000, 0x0000000082a00000|100%| O|  |TAMS 0x0000000082a00000, 0x0000000082900000| Untracked 
|  42|0x0000000082a00000, 0x0000000082b00000, 0x0000000082b00000|100%| O|  |TAMS 0x0000000082b00000, 0x0000000082a00000| Untracked 
|  43|0x0000000082b00000, 0x0000000082c00000, 0x0000000082c00000|100%| O|  |TAMS 0x0000000082c00000, 0x0000000082b00000| Untracked 
|  44|0x0000000082c00000, 0x0000000082d00000, 0x0000000082d00000|100%| O|  |TAMS 0x0000000082d00000, 0x0000000082c00000| Untracked 
|  45|0x0000000082d00000, 0x0000000082e00000, 0x0000000082e00000|100%| O|  |TAMS 0x0000000082e00000, 0x0000000082d00000| Untracked 
|  46|0x0000000082e00000, 0x0000000082f00000, 0x0000000082f00000|100%| O|  |TAMS 0x0000000082f00000, 0x0000000082e00000| Untracked 
|  47|0x0000000082f00000, 0x0000000083000000, 0x0000000083000000|100%| O|  |TAMS 0x0000000083000000, 0x0000000082f00000| Untracked 
|  48|0x0000000083000000, 0x0000000083100000, 0x0000000083100000|100%| O|  |TAMS 0x0000000083100000, 0x0000000083000000| Untracked 
|  49|0x0000000083100000, 0x0000000083200000, 0x0000000083200000|100%| O|  |TAMS 0x0000000083200000, 0x0000000083100000| Untracked 
|  50|0x0000000083200000, 0x0000000083300000, 0x0000000083300000|100%| O|  |TAMS 0x0000000083300000, 0x0000000083200000| Untracked 
|  51|0x0000000083300000, 0x0000000083400000, 0x0000000083400000|100%| O|  |TAMS 0x0000000083300000, 0x0000000083300000| Untracked 
|  52|0x0000000083400000, 0x0000000083500000, 0x0000000083500000|100%| O|  |TAMS 0x0000000083400000, 0x0000000083400000| Untracked 
|  53|0x0000000083500000, 0x0000000083600000, 0x0000000083600000|100%| O|  |TAMS 0x0000000083500000, 0x0000000083500000| Untracked 
|  54|0x0000000083600000, 0x0000000083700000, 0x0000000083700000|100%| O|  |TAMS 0x0000000083600000, 0x0000000083600000| Untracked 
|  55|0x0000000083700000, 0x0000000083800000, 0x0000000083800000|100%| O|  |TAMS 0x0000000083700000, 0x0000000083700000| Untracked 
|  56|0x0000000083800000, 0x0000000083900000, 0x0000000083900000|100%| O|  |TAMS 0x0000000083800000, 0x0000000083800000| Untracked 
|  57|0x0000000083900000, 0x0000000083a00000, 0x0000000083a00000|100%| O|  |TAMS 0x0000000083900000, 0x0000000083900000| Untracked 
|  58|0x0000000083a00000, 0x0000000083b00000, 0x0000000083b00000|100%| O|  |TAMS 0x0000000083a00000, 0x0000000083a00000| Untracked 
|  59|0x0000000083b00000, 0x0000000083c00000, 0x0000000083c00000|100%| O|  |TAMS 0x0000000083b00000, 0x0000000083b00000| Untracked 
|  60|0x0000000083c00000, 0x0000000083d00000, 0x0000000083d00000|100%| O|  |TAMS 0x0000000083c00000, 0x0000000083c00000| Untracked 
|  61|0x0000000083d00000, 0x0000000083e00000, 0x0000000083e00000|100%| O|  |TAMS 0x0000000083d00000, 0x0000000083d00000| Untracked 
|  62|0x0000000083e00000, 0x0000000083e00000, 0x0000000083f00000|  0%| F|  |TAMS 0x0000000083e00000, 0x0000000083e00000| Untracked 
|  63|0x0000000083f00000, 0x0000000083f00000, 0x0000000084000000|  0%| F|  |TAMS 0x0000000083f00000, 0x0000000083f00000| Untracked 
|  64|0x0000000084000000, 0x0000000084100000, 0x0000000084100000|100%| O|  |TAMS 0x0000000084000000, 0x0000000084000000| Untracked 
|  65|0x0000000084100000, 0x0000000084200000, 0x0000000084200000|100%| O|  |TAMS 0x0000000084100000, 0x0000000084100000| Untracked 
|  66|0x0000000084200000, 0x0000000084300000, 0x0000000084300000|100%| O|  |TAMS 0x0000000084200000, 0x0000000084200000| Untracked 
|  67|0x0000000084300000, 0x0000000084400000, 0x0000000084400000|100%| O|  |TAMS 0x0000000084300000, 0x0000000084300000| Untracked 
|  68|0x0000000084400000, 0x0000000084500000, 0x0000000084500000|100%| O|  |TAMS 0x0000000084400000, 0x0000000084400000| Untracked 
|  69|0x0000000084500000, 0x0000000084600000, 0x0000000084600000|100%| O|  |TAMS 0x0000000084500000, 0x0000000084500000| Untracked 
|  70|0x0000000084600000, 0x0000000084700000, 0x0000000084700000|100%| O|  |TAMS 0x0000000084600000, 0x0000000084600000| Untracked 
|  71|0x0000000084700000, 0x0000000084800000, 0x0000000084800000|100%| O|  |TAMS 0x0000000084700000, 0x0000000084700000| Untracked 
|  72|0x0000000084800000, 0x0000000084900000, 0x0000000084900000|100%| O|  |TAMS 0x0000000084800000, 0x0000000084800000| Untracked 
|  73|0x0000000084900000, 0x0000000084a00000, 0x0000000084a00000|100%| O|  |TAMS 0x0000000084900000, 0x0000000084900000| Untracked 
|  74|0x0000000084a00000, 0x0000000084b00000, 0x0000000084b00000|100%| O|  |TAMS 0x0000000084a00000, 0x0000000084a00000| Untracked 
|  75|0x0000000084b00000, 0x0000000084c00000, 0x0000000084c00000|100%| O|  |TAMS 0x0000000084b00000, 0x0000000084b00000| Untracked 
|  76|0x0000000084c00000, 0x0000000084d00000, 0x0000000084d00000|100%| O|  |TAMS 0x0000000084c00000, 0x0000000084c00000| Untracked 
|  77|0x0000000084d00000, 0x0000000084d66a00, 0x0000000084e00000| 40%| O|  |TAMS 0x0000000084d00000, 0x0000000084d00000| Untracked 
|  78|0x0000000084e00000, 0x0000000084e00000, 0x0000000084f00000|  0%| F|  |TAMS 0x0000000084e00000, 0x0000000084e00000| Untracked 
|  79|0x0000000084f00000, 0x0000000084f00000, 0x0000000085000000|  0%| F|  |TAMS 0x0000000084f00000, 0x0000000084f00000| Untracked 
|  80|0x0000000085000000, 0x0000000085000000, 0x0000000085100000|  0%| F|  |TAMS 0x0000000085000000, 0x0000000085000000| Untracked 
|  81|0x0000000085100000, 0x0000000085100000, 0x0000000085200000|  0%| F|  |TAMS 0x0000000085100000, 0x0000000085100000| Untracked 
|  82|0x0000000085200000, 0x0000000085200000, 0x0000000085300000|  0%| F|  |TAMS 0x0000000085200000, 0x0000000085200000| Untracked 
|  83|0x0000000085300000, 0x0000000085300000, 0x0000000085400000|  0%| F|  |TAMS 0x0000000085300000, 0x0000000085300000| Untracked 
|  84|0x0000000085400000, 0x0000000085400000, 0x0000000085500000|  0%| F|  |TAMS 0x0000000085400000, 0x0000000085400000| Untracked 
|  85|0x0000000085500000, 0x0000000085500000, 0x0000000085600000|  0%| F|  |TAMS 0x0000000085500000, 0x0000000085500000| Untracked 
|  86|0x0000000085600000, 0x0000000085600000, 0x0000000085700000|  0%| F|  |TAMS 0x0000000085600000, 0x0000000085600000| Untracked 
|  87|0x0000000085700000, 0x0000000085700000, 0x0000000085800000|  0%| F|  |TAMS 0x0000000085700000, 0x0000000085700000| Untracked 
|  88|0x0000000085800000, 0x0000000085800000, 0x0000000085900000|  0%| F|  |TAMS 0x0000000085800000, 0x0000000085800000| Untracked 
|  89|0x0000000085900000, 0x0000000085900000, 0x0000000085a00000|  0%| F|  |TAMS 0x0000000085900000, 0x0000000085900000| Untracked 
|  90|0x0000000085a00000, 0x0000000085a00000, 0x0000000085b00000|  0%| F|  |TAMS 0x0000000085a00000, 0x0000000085a00000| Untracked 
|  91|0x0000000085b00000, 0x0000000085b00000, 0x0000000085c00000|  0%| F|  |TAMS 0x0000000085b00000, 0x0000000085b00000| Untracked 
|  92|0x0000000085c00000, 0x0000000085c00000, 0x0000000085d00000|  0%| F|  |TAMS 0x0000000085c00000, 0x0000000085c00000| Untracked 
|  93|0x0000000085d00000, 0x0000000085d00000, 0x0000000085e00000|  0%| F|  |TAMS 0x0000000085d00000, 0x0000000085d00000| Untracked 
|  94|0x0000000085e00000, 0x0000000085f00000, 0x0000000085f00000|100%| S|CS|TAMS 0x0000000085e00000, 0x0000000085e00000| Complete 
|  95|0x0000000085f00000, 0x0000000086000000, 0x0000000086000000|100%| S|CS|TAMS 0x0000000085f00000, 0x0000000085f00000| Complete 
|  96|0x0000000086000000, 0x0000000086100000, 0x0000000086100000|100%| S|CS|TAMS 0x0000000086000000, 0x0000000086000000| Complete 
|  97|0x0000000086100000, 0x0000000086200000, 0x0000000086200000|100%| S|CS|TAMS 0x0000000086100000, 0x0000000086100000| Complete 
|  98|0x0000000086200000, 0x0000000086300000, 0x0000000086300000|100%| S|CS|TAMS 0x0000000086200000, 0x0000000086200000| Complete 
|  99|0x0000000086300000, 0x0000000086400000, 0x0000000086400000|100%| S|CS|TAMS 0x0000000086300000, 0x0000000086300000| Complete 
| 100|0x0000000086400000, 0x0000000086400000, 0x0000000086500000|  0%| F|  |TAMS 0x0000000086400000, 0x0000000086400000| Untracked 
| 101|0x0000000086500000, 0x0000000086500000, 0x0000000086600000|  0%| F|  |TAMS 0x0000000086500000, 0x0000000086500000| Untracked 
| 102|0x0000000086600000, 0x0000000086600000, 0x0000000086700000|  0%| F|  |TAMS 0x0000000086600000, 0x0000000086600000| Untracked 
| 103|0x0000000086700000, 0x0000000086700000, 0x0000000086800000|  0%| F|  |TAMS 0x0000000086700000, 0x0000000086700000| Untracked 
| 104|0x0000000086800000, 0x0000000086800000, 0x0000000086900000|  0%| F|  |TAMS 0x0000000086800000, 0x0000000086800000| Untracked 
| 105|0x0000000086900000, 0x0000000086900000, 0x0000000086a00000|  0%| F|  |TAMS 0x0000000086900000, 0x0000000086900000| Untracked 
| 106|0x0000000086a00000, 0x0000000086a00000, 0x0000000086b00000|  0%| F|  |TAMS 0x0000000086a00000, 0x0000000086a00000| Untracked 
| 107|0x0000000086b00000, 0x0000000086b00000, 0x0000000086c00000|  0%| F|  |TAMS 0x0000000086b00000, 0x0000000086b00000| Untracked 
| 108|0x0000000086c00000, 0x0000000086c00000, 0x0000000086d00000|  0%| F|  |TAMS 0x0000000086c00000, 0x0000000086c00000| Untracked 
| 109|0x0000000086d00000, 0x0000000086d00000, 0x0000000086e00000|  0%| F|  |TAMS 0x0000000086d00000, 0x0000000086d00000| Untracked 
| 110|0x0000000086e00000, 0x0000000086f00000, 0x0000000086f00000|100%| S|CS|TAMS 0x0000000086e00000, 0x0000000086e00000| Complete 
| 111|0x0000000086f00000, 0x0000000087000000, 0x0000000087000000|100%| S|CS|TAMS 0x0000000086f00000, 0x0000000086f00000| Complete 
| 112|0x0000000087000000, 0x0000000087100000, 0x0000000087100000|100%| S|CS|TAMS 0x0000000087000000, 0x0000000087000000| Complete 
| 113|0x0000000087100000, 0x0000000087200000, 0x0000000087200000|100%| S|CS|TAMS 0x0000000087100000, 0x0000000087100000| Complete 
| 114|0x0000000087200000, 0x0000000087300000, 0x0000000087300000|100%| S|CS|TAMS 0x0000000087200000, 0x0000000087200000| Complete 
| 115|0x0000000087300000, 0x0000000087300000, 0x0000000087400000|  0%| F|  |TAMS 0x0000000087300000, 0x0000000087300000| Untracked 
| 116|0x0000000087400000, 0x0000000087400000, 0x0000000087500000|  0%| F|  |TAMS 0x0000000087400000, 0x0000000087400000| Untracked 
| 117|0x0000000087500000, 0x0000000087500000, 0x0000000087600000|  0%| F|  |TAMS 0x0000000087500000, 0x0000000087500000| Untracked 
| 118|0x0000000087600000, 0x0000000087600000, 0x0000000087700000|  0%| F|  |TAMS 0x0000000087600000, 0x0000000087600000| Untracked 
| 119|0x0000000087700000, 0x0000000087700000, 0x0000000087800000|  0%| F|  |TAMS 0x0000000087700000, 0x0000000087700000| Untracked 
| 120|0x0000000087800000, 0x0000000087800000, 0x0000000087900000|  0%| F|  |TAMS 0x0000000087800000, 0x0000000087800000| Untracked 
| 121|0x0000000087900000, 0x0000000087900000, 0x0000000087a00000|  0%| F|  |TAMS 0x0000000087900000, 0x0000000087900000| Untracked 
| 122|0x0000000087a00000, 0x0000000087a00000, 0x0000000087b00000|  0%| F|  |TAMS 0x0000000087a00000, 0x0000000087a00000| Untracked 
| 123|0x0000000087b00000, 0x0000000087b00000, 0x0000000087c00000|  0%| F|  |TAMS 0x0000000087b00000, 0x0000000087b00000| Untracked 
| 124|0x0000000087c00000, 0x0000000087c00000, 0x0000000087d00000|  0%| F|  |TAMS 0x0000000087c00000, 0x0000000087c00000| Untracked 
| 125|0x0000000087d00000, 0x0000000087d00000, 0x0000000087e00000|  0%| F|  |TAMS 0x0000000087d00000, 0x0000000087d00000| Untracked 
| 126|0x0000000087e00000, 0x0000000087e00000, 0x0000000087f00000|  0%| F|  |TAMS 0x0000000087e00000, 0x0000000087e00000| Untracked 
| 127|0x0000000087f00000, 0x0000000087f00000, 0x0000000088000000|  0%| F|  |TAMS 0x0000000087f00000, 0x0000000087f00000| Untracked 
| 128|0x0000000088000000, 0x0000000088000000, 0x0000000088100000|  0%| F|  |TAMS 0x0000000088000000, 0x0000000088000000| Untracked 
| 129|0x0000000088100000, 0x0000000088100000, 0x0000000088200000|  0%| F|  |TAMS 0x0000000088100000, 0x0000000088100000| Untracked 
| 130|0x0000000088200000, 0x0000000088200000, 0x0000000088300000|  0%| F|  |TAMS 0x0000000088200000, 0x0000000088200000| Untracked 
| 131|0x0000000088300000, 0x0000000088300000, 0x0000000088400000|  0%| F|  |TAMS 0x0000000088300000, 0x0000000088300000| Untracked 
| 132|0x0000000088400000, 0x0000000088400000, 0x0000000088500000|  0%| F|  |TAMS 0x0000000088400000, 0x0000000088400000| Untracked 
| 133|0x0000000088500000, 0x0000000088500000, 0x0000000088600000|  0%| F|  |TAMS 0x0000000088500000, 0x0000000088500000| Untracked 
| 134|0x0000000088600000, 0x0000000088600000, 0x0000000088700000|  0%| F|  |TAMS 0x0000000088600000, 0x0000000088600000| Untracked 
| 135|0x0000000088700000, 0x0000000088700000, 0x0000000088800000|  0%| F|  |TAMS 0x0000000088700000, 0x0000000088700000| Untracked 
| 136|0x0000000088800000, 0x0000000088800000, 0x0000000088900000|  0%| F|  |TAMS 0x0000000088800000, 0x0000000088800000| Untracked 
| 137|0x0000000088900000, 0x0000000088900000, 0x0000000088a00000|  0%| F|  |TAMS 0x0000000088900000, 0x0000000088900000| Untracked 
| 138|0x0000000088a00000, 0x0000000088a00000, 0x0000000088b00000|  0%| F|  |TAMS 0x0000000088a00000, 0x0000000088a00000| Untracked 
| 139|0x0000000088b00000, 0x0000000088b00000, 0x0000000088c00000|  0%| F|  |TAMS 0x0000000088b00000, 0x0000000088b00000| Untracked 
| 140|0x0000000088c00000, 0x0000000088c00000, 0x0000000088d00000|  0%| F|  |TAMS 0x0000000088c00000, 0x0000000088c00000| Untracked 
| 141|0x0000000088d00000, 0x0000000088d00000, 0x0000000088e00000|  0%| F|  |TAMS 0x0000000088d00000, 0x0000000088d00000| Untracked 
| 142|0x0000000088e00000, 0x0000000088e00000, 0x0000000088f00000|  0%| F|  |TAMS 0x0000000088e00000, 0x0000000088e00000| Untracked 
| 143|0x0000000088f00000, 0x0000000088f00000, 0x0000000089000000|  0%| F|  |TAMS 0x0000000088f00000, 0x0000000088f00000| Untracked 
| 144|0x0000000089000000, 0x0000000089000000, 0x0000000089100000|  0%| F|  |TAMS 0x0000000089000000, 0x0000000089000000| Untracked 
| 145|0x0000000089100000, 0x0000000089100000, 0x0000000089200000|  0%| F|  |TAMS 0x0000000089100000, 0x0000000089100000| Untracked 
| 146|0x0000000089200000, 0x0000000089200000, 0x0000000089300000|  0%| F|  |TAMS 0x0000000089200000, 0x0000000089200000| Untracked 
| 147|0x0000000089300000, 0x0000000089300000, 0x0000000089400000|  0%| F|  |TAMS 0x0000000089300000, 0x0000000089300000| Untracked 
| 148|0x0000000089400000, 0x0000000089444ef0, 0x0000000089500000| 26%| E|  |TAMS 0x0000000089400000, 0x0000000089400000| Complete 
| 149|0x0000000089500000, 0x0000000089600000, 0x0000000089600000|100%| E|CS|TAMS 0x0000000089500000, 0x0000000089500000| Complete 
| 150|0x0000000089600000, 0x0000000089700000, 0x0000000089700000|100%| E|CS|TAMS 0x0000000089600000, 0x0000000089600000| Complete 
| 151|0x0000000089700000, 0x0000000089800000, 0x0000000089800000|100%| E|CS|TAMS 0x0000000089700000, 0x0000000089700000| Complete 
| 152|0x0000000089800000, 0x0000000089900000, 0x0000000089900000|100%| E|CS|TAMS 0x0000000089800000, 0x0000000089800000| Complete 
| 153|0x0000000089900000, 0x0000000089a00000, 0x0000000089a00000|100%| E|CS|TAMS 0x0000000089900000, 0x0000000089900000| Complete 
| 154|0x0000000089a00000, 0x0000000089b00000, 0x0000000089b00000|100%| E|CS|TAMS 0x0000000089a00000, 0x0000000089a00000| Complete 
| 155|0x0000000089b00000, 0x0000000089c00000, 0x0000000089c00000|100%| E|CS|TAMS 0x0000000089b00000, 0x0000000089b00000| Complete 
| 156|0x0000000089c00000, 0x0000000089d00000, 0x0000000089d00000|100%| E|CS|TAMS 0x0000000089c00000, 0x0000000089c00000| Complete 
| 157|0x0000000089d00000, 0x0000000089e00000, 0x0000000089e00000|100%| E|CS|TAMS 0x0000000089d00000, 0x0000000089d00000| Complete 
| 158|0x0000000089e00000, 0x0000000089f00000, 0x0000000089f00000|100%| E|CS|TAMS 0x0000000089e00000, 0x0000000089e00000| Complete 
| 159|0x0000000089f00000, 0x000000008a000000, 0x000000008a000000|100%| E|CS|TAMS 0x0000000089f00000, 0x0000000089f00000| Complete 
| 160|0x000000008a000000, 0x000000008a100000, 0x000000008a100000|100%| E|CS|TAMS 0x000000008a000000, 0x000000008a000000| Complete 
| 161|0x000000008a100000, 0x000000008a200000, 0x000000008a200000|100%| E|CS|TAMS 0x000000008a100000, 0x000000008a100000| Complete 
| 162|0x000000008a200000, 0x000000008a300000, 0x000000008a300000|100%| E|CS|TAMS 0x000000008a200000, 0x000000008a200000| Complete 
| 163|0x000000008a300000, 0x000000008a400000, 0x000000008a400000|100%| E|CS|TAMS 0x000000008a300000, 0x000000008a300000| Complete 
| 164|0x000000008a400000, 0x000000008a500000, 0x000000008a500000|100%| E|CS|TAMS 0x000000008a400000, 0x000000008a400000| Complete 
| 165|0x000000008a500000, 0x000000008a600000, 0x000000008a600000|100%| E|CS|TAMS 0x000000008a500000, 0x000000008a500000| Complete 
| 166|0x000000008a600000, 0x000000008a700000, 0x000000008a700000|100%| E|CS|TAMS 0x000000008a600000, 0x000000008a600000| Complete 
| 167|0x000000008a700000, 0x000000008a800000, 0x000000008a800000|100%| E|CS|TAMS 0x000000008a700000, 0x000000008a700000| Complete 
| 168|0x000000008a800000, 0x000000008a900000, 0x000000008a900000|100%| E|CS|TAMS 0x000000008a800000, 0x000000008a800000| Complete 
| 169|0x000000008a900000, 0x000000008aa00000, 0x000000008aa00000|100%| E|CS|TAMS 0x000000008a900000, 0x000000008a900000| Complete 
| 170|0x000000008aa00000, 0x000000008ab00000, 0x000000008ab00000|100%| E|CS|TAMS 0x000000008aa00000, 0x000000008aa00000| Complete 
| 171|0x000000008ab00000, 0x000000008ac00000, 0x000000008ac00000|100%| E|CS|TAMS 0x000000008ab00000, 0x000000008ab00000| Complete 
| 172|0x000000008ac00000, 0x000000008ad00000, 0x000000008ad00000|100%| E|CS|TAMS 0x000000008ac00000, 0x000000008ac00000| Complete 
| 173|0x000000008ad00000, 0x000000008ae00000, 0x000000008ae00000|100%| E|CS|TAMS 0x000000008ad00000, 0x000000008ad00000| Complete 
| 174|0x000000008ae00000, 0x000000008af00000, 0x000000008af00000|100%| E|CS|TAMS 0x000000008ae00000, 0x000000008ae00000| Complete 
| 175|0x000000008af00000, 0x000000008b000000, 0x000000008b000000|100%| E|CS|TAMS 0x000000008af00000, 0x000000008af00000| Complete 
| 176|0x000000008b000000, 0x000000008b100000, 0x000000008b100000|100%| E|CS|TAMS 0x000000008b000000, 0x000000008b000000| Complete 
| 177|0x000000008b100000, 0x000000008b200000, 0x000000008b200000|100%| E|CS|TAMS 0x000000008b100000, 0x000000008b100000| Complete 
| 178|0x000000008b200000, 0x000000008b300000, 0x000000008b300000|100%| E|CS|TAMS 0x000000008b200000, 0x000000008b200000| Complete 
| 179|0x000000008b300000, 0x000000008b400000, 0x000000008b400000|100%| E|CS|TAMS 0x000000008b300000, 0x000000008b300000| Complete 
| 180|0x000000008b400000, 0x000000008b500000, 0x000000008b500000|100%| E|CS|TAMS 0x000000008b400000, 0x000000008b400000| Complete 
| 181|0x000000008b500000, 0x000000008b600000, 0x000000008b600000|100%| E|CS|TAMS 0x000000008b500000, 0x000000008b500000| Complete 
| 182|0x000000008b600000, 0x000000008b700000, 0x000000008b700000|100%| E|CS|TAMS 0x000000008b600000, 0x000000008b600000| Complete 
| 183|0x000000008b700000, 0x000000008b800000, 0x000000008b800000|100%| E|CS|TAMS 0x000000008b700000, 0x000000008b700000| Complete 
| 184|0x000000008b800000, 0x000000008b900000, 0x000000008b900000|100%| E|CS|TAMS 0x000000008b800000, 0x000000008b800000| Complete 
| 185|0x000000008b900000, 0x000000008ba00000, 0x000000008ba00000|100%| E|CS|TAMS 0x000000008b900000, 0x000000008b900000| Complete 
| 186|0x000000008ba00000, 0x000000008bb00000, 0x000000008bb00000|100%| E|CS|TAMS 0x000000008ba00000, 0x000000008ba00000| Complete 
| 187|0x000000008bb00000, 0x000000008bc00000, 0x000000008bc00000|100%| E|CS|TAMS 0x000000008bb00000, 0x000000008bb00000| Complete 
| 188|0x000000008bc00000, 0x000000008bd00000, 0x000000008bd00000|100%| E|CS|TAMS 0x000000008bc00000, 0x000000008bc00000| Complete 

Card table byte_map: [0x000002a9f0210000,0x000002a9f0610000] _byte_map_base: 0x000002a9efe10000

Marking Bits (Prev, Next): (CMBitMap*) 0x000002a9dcff2098, (CMBitMap*) 0x000002a9dcff20d0
 Prev Bits: [0x000002a9f0a10000, 0x000002a9f2a10000)
 Next Bits: [0x000002a9f2a10000, 0x000002a9f4a10000)

Polling page: 0x000002a9dc780000

Metaspace:

Usage:
  Non-class:     79.69 MB capacity,    78.16 MB ( 98%) used,     1.24 MB (  2%) free+waste,   297.19 KB ( <1%) overhead. 
      Class:     12.77 MB capacity,    11.78 MB ( 92%) used,   870.20 KB (  7%) free+waste,   138.88 KB (  1%) overhead. 
       Both:     92.46 MB capacity,    89.94 MB ( 97%) used,     2.09 MB (  2%) free+waste,   436.06 KB ( <1%) overhead. 

Virtual space:
  Non-class space:       80.00 MB reserved,      79.77 MB (>99%) committed 
      Class space:        1.00 GB reserved,      12.90 MB (  1%) committed 
             Both:        1.08 GB reserved,      92.67 MB (  8%) committed 

Chunk freelists:
   Non-Class:  21.00 KB
       Class:  15.00 KB
        Both:  36.00 KB

MaxMetaspaceSize: 17179869184.00 GB
CompressedClassSpaceSize: 1.00 GB
Initial GC threshold: 20.80 MB
Current GC threshold: 114.04 MB
CDS: off

CodeHeap 'non-profiled nmethods': size=120000Kb used=6220Kb max_used=6220Kb free=113779Kb
 bounds [0x000002a9e85a0000, 0x000002a9e8bc0000, 0x000002a9efad0000]
CodeHeap 'profiled nmethods': size=120000Kb used=22036Kb max_used=22036Kb free=97963Kb
 bounds [0x000002a9e1070000, 0x000002a9e2600000, 0x000002a9e85a0000]
CodeHeap 'non-nmethods': size=5760Kb used=2415Kb max_used=2471Kb free=3345Kb
 bounds [0x000002a9e0ad0000, 0x000002a9e0d40000, 0x000002a9e1070000]
 total_blobs=11178 nmethods=10248 adapters=841
 compilation: enabled
              stopped_count=0, restarted_count=0
 full_count=0

Compilation events (20 events):
Event: 21.892 Thread 0x000002a9f7d03800 10337       3       com.google.gson.stream.JsonWriter::open (19 bytes)
Event: 21.892 Thread 0x000002a9f7d03800 nmethod 10337 0x000002a9e25d0910 code [0x000002a9e25d0ae0, 0x000002a9e25d0d28]
Event: 21.892 Thread 0x000002a9f7d03800 10338       3       com.google.gson.stream.JsonWriter::close (95 bytes)
Event: 21.894 Thread 0x000002a9f7d03800 nmethod 10338 0x000002a9e25d0e90 code [0x000002a9e25d1160, 0x000002a9e25d1e18]
Event: 21.894 Thread 0x000002a9f7d03800 10340       3       com.google.gson.stream.JsonWriter::endObject (9 bytes)
Event: 21.894 Thread 0x000002a9f7d03800 nmethod 10340 0x000002a9e25d2290 code [0x000002a9e25d2440, 0x000002a9e25d2588]
Event: 21.894 Thread 0x000002a9f7d03800 10339       3       com.google.gson.stream.JsonWriter::beginObject (12 bytes)
Event: 21.895 Thread 0x000002a9f7d03800 nmethod 10339 0x000002a9e25d2610 code [0x000002a9e25d2820, 0x000002a9e25d2c08]
Event: 21.915 Thread 0x000002a9f7d03800 10343       3       com.android.ide.common.blame.MergingLogPersistUtil$SourcePositionsSerializer$JsonTypeAdapter::write (192 bytes)
Event: 21.917 Thread 0x000002a9fb268800 nmethod 10332% 0x000002a9e8bb0790 code [0x000002a9e8bb09a0, 0x000002a9e8bb1670]
Event: 21.917 Thread 0x000002a9fb268800 10333 %     4       com.google.gson.stream.JsonWriter::string @ 37 (169 bytes)
Event: 21.921 Thread 0x000002a9f7d03800 nmethod 10343 0x000002a9e25d2d90 code [0x000002a9e25d3380, 0x000002a9e25d6378]
Event: 21.921 Thread 0x000002a9f7d03800 10345       3       com.android.ide.common.blame.MergingLogPersistUtil$SourcePositionsSerializer::<init> (76 bytes)
Event: 21.922 Thread 0x000002a9f7d03800 nmethod 10345 0x000002a9e25d7290 code [0x000002a9e25d7500, 0x000002a9e25d7ef8]
Event: 21.953 Thread 0x000002a9f7d03800 10348       3       com.android.ide.common.blame.MergingLogPersistUtil$SourcePositionsSerializer::equals (155 bytes)
Event: 21.960 Thread 0x000002a9f7d03800 nmethod 10348 0x000002a9e25d8210 code [0x000002a9e25d8860, 0x000002a9e25dbdf8]
Event: 21.960 Thread 0x000002a9f7d03800 10349       3       java.io.Writer::append (7 bytes)
Event: 21.960 Thread 0x000002a9f7d03800 nmethod 10349 0x000002a9e25dce10 code [0x000002a9e25dcfc0, 0x000002a9e25dd188]
Event: 21.968 Thread 0x000002a9f7d03800 10350       3       java.util.LinkedHashMap$LinkedEntrySet::forEach (67 bytes)
Event: 21.969 Thread 0x000002a9f7d03800 nmethod 10350 0x000002a9e25dd210 code [0x000002a9e25dd420, 0x000002a9e25dd8c8]

GC Heap History (20 events):
Event: 8.029 GC heap before
{Heap before GC invocations=10 (full 0):
 garbage-first heap   total 155648K, used 93910K [0x0000000080000000, 0x0000000100000000)
  region size 1024K, 72 young (73728K), 8 survivors (8192K)
 Metaspace       used 45761K, capacity 46876K, committed 47132K, reserved 1089536K
  class space    used 5823K, capacity 6263K, committed 6296K, reserved 1048576K
}
Event: 8.082 GC heap after
{Heap after GC invocations=11 (full 0):
 garbage-first heap   total 155648K, used 30167K [0x0000000080000000, 0x0000000100000000)
  region size 1024K, 8 young (8192K), 8 survivors (8192K)
 Metaspace       used 45761K, capacity 46876K, committed 47132K, reserved 1089536K
  class space    used 5823K, capacity 6263K, committed 6296K, reserved 1048576K
}
Event: 9.741 GC heap before
{Heap before GC invocations=11 (full 0):
 garbage-first heap   total 155648K, used 98775K [0x0000000080000000, 0x0000000100000000)
  region size 1024K, 75 young (76800K), 8 survivors (8192K)
 Metaspace       used 52565K, capacity 53868K, committed 54044K, reserved 1095680K
  class space    used 6673K, capacity 7182K, committed 7320K, reserved 1048576K
}
Event: 9.753 GC heap after
{Heap after GC invocations=12 (full 0):
 garbage-first heap   total 155648K, used 34321K [0x0000000080000000, 0x0000000100000000)
  region size 1024K, 8 young (8192K), 8 survivors (8192K)
 Metaspace       used 52565K, capacity 53868K, committed 54044K, reserved 1095680K
  class space    used 6673K, capacity 7182K, committed 7320K, reserved 1048576K
}
Event: 11.678 GC heap before
{Heap before GC invocations=12 (full 0):
 garbage-first heap   total 155648K, used 104977K [0x0000000080000000, 0x0000000100000000)
  region size 1024K, 75 young (76800K), 8 survivors (8192K)
 Metaspace       used 58802K, capacity 60258K, committed 60444K, reserved 1101824K
  class space    used 7460K, capacity 7996K, committed 8088K, reserved 1048576K
}
Event: 11.689 GC heap after
{Heap after GC invocations=13 (full 0):
 garbage-first heap   total 155648K, used 44476K [0x0000000080000000, 0x0000000100000000)
  region size 1024K, 10 young (10240K), 10 survivors (10240K)
 Metaspace       used 58802K, capacity 60258K, committed 60444K, reserved 1101824K
  class space    used 7460K, capacity 7996K, committed 8088K, reserved 1048576K
}
Event: 13.043 GC heap before
{Heap before GC invocations=13 (full 0):
 garbage-first heap   total 155648K, used 117180K [0x0000000080000000, 0x0000000100000000)
  region size 1024K, 74 young (75776K), 10 survivors (10240K)
 Metaspace       used 65642K, capacity 67314K, committed 67484K, reserved 1107968K
  class space    used 8334K, capacity 8957K, committed 8984K, reserved 1048576K
}
Event: 13.054 GC heap after
{Heap after GC invocations=14 (full 0):
 garbage-first heap   total 155648K, used 50313K [0x0000000080000000, 0x0000000100000000)
  region size 1024K, 6 young (6144K), 6 survivors (6144K)
 Metaspace       used 65642K, capacity 67314K, committed 67484K, reserved 1107968K
  class space    used 8334K, capacity 8957K, committed 8984K, reserved 1048576K
}
Event: 13.616 GC heap before
{Heap before GC invocations=14 (full 0):
 garbage-first heap   total 155648K, used 82057K [0x0000000080000000, 0x0000000100000000)
  region size 1024K, 38 young (38912K), 6 survivors (6144K)
 Metaspace       used 68094K, capacity 69641K, committed 69808K, reserved 1110016K
  class space    used 8626K, capacity 9254K, committed 9368K, reserved 1048576K
}
Event: 13.633 GC heap after
{Heap after GC invocations=15 (full 0):
 garbage-first heap   total 155648K, used 53246K [0x0000000080000000, 0x0000000100000000)
  region size 1024K, 3 young (3072K), 3 survivors (3072K)
 Metaspace       used 68094K, capacity 69641K, committed 69808K, reserved 1110016K
  class space    used 8626K, capacity 9254K, committed 9368K, reserved 1048576K
}
Event: 14.495 GC heap before
{Heap before GC invocations=16 (full 0):
 garbage-first heap   total 155648K, used 116734K [0x0000000080000000, 0x0000000100000000)
  region size 1024K, 65 young (66560K), 3 survivors (3072K)
 Metaspace       used 70146K, capacity 71904K, committed 72240K, reserved 1112064K
  class space    used 8934K, capacity 9616K, committed 9752K, reserved 1048576K
}
Event: 14.504 GC heap after
{Heap after GC invocations=17 (full 0):
 garbage-first heap   total 193536K, used 56898K [0x0000000080000000, 0x0000000100000000)
  region size 1024K, 7 young (7168K), 7 survivors (7168K)
 Metaspace       used 70146K, capacity 71904K, committed 72240K, reserved 1112064K
  class space    used 8934K, capacity 9616K, committed 9752K, reserved 1048576K
}
Event: 16.049 GC heap before
{Heap before GC invocations=17 (full 0):
 garbage-first heap   total 193536K, used 135746K [0x0000000080000000, 0x0000000100000000)
  region size 1024K, 84 young (86016K), 7 survivors (7168K)
 Metaspace       used 78295K, capacity 80165K, committed 80432K, reserved 1118208K
  class space    used 10230K, capacity 10942K, committed 11032K, reserved 1048576K
}
Event: 16.060 GC heap after
{Heap after GC invocations=18 (full 0):
 garbage-first heap   total 193536K, used 61745K [0x0000000080000000, 0x0000000100000000)
  region size 1024K, 9 young (9216K), 9 survivors (9216K)
 Metaspace       used 78295K, capacity 80165K, committed 80432K, reserved 1118208K
  class space    used 10230K, capacity 10942K, committed 11032K, reserved 1048576K
}
Event: 17.094 GC heap before
{Heap before GC invocations=18 (full 0):
 garbage-first heap   total 193536K, used 143665K [0x0000000080000000, 0x0000000100000000)
  region size 1024K, 89 young (91136K), 9 survivors (9216K)
 Metaspace       used 85004K, capacity 87112K, committed 87344K, reserved 1124352K
  class space    used 11117K, capacity 11907K, committed 12056K, reserved 1048576K
}
Event: 17.110 GC heap after
{Heap after GC invocations=19 (full 0):
 garbage-first heap   total 193536K, used 67520K [0x0000000080000000, 0x0000000100000000)
  region size 1024K, 11 young (11264K), 11 survivors (11264K)
 Metaspace       used 85004K, capacity 87112K, committed 87344K, reserved 1124352K
  class space    used 11117K, capacity 11907K, committed 12056K, reserved 1048576K
}
Event: 18.025 GC heap before
{Heap before GC invocations=19 (full 0):
 garbage-first heap   total 193536K, used 147392K [0x0000000080000000, 0x0000000100000000)
  region size 1024K, 90 young (92160K), 11 survivors (11264K)
 Metaspace       used 87573K, capacity 90079K, committed 90160K, reserved 1126400K
  class space    used 11591K, capacity 12530K, committed 12568K, reserved 1048576K
}
Event: 18.052 GC heap after
{Heap after GC invocations=20 (full 0):
 garbage-first heap   total 193536K, used 75439K [0x0000000080000000, 0x0000000100000000)
  region size 1024K, 12 young (12288K), 12 survivors (12288K)
 Metaspace       used 87573K, capacity 90079K, committed 90160K, reserved 1126400K
  class space    used 11591K, capacity 12530K, committed 12568K, reserved 1048576K
}
Event: 20.496 GC heap before
{Heap before GC invocations=20 (full 0):
 garbage-first heap   total 193536K, used 152239K [0x0000000080000000, 0x0000000100000000)
  region size 1024K, 86 young (88064K), 12 survivors (12288K)
 Metaspace       used 91295K, capacity 93879K, committed 94256K, reserved 1130496K
  class space    used 11967K, capacity 12956K, committed 13080K, reserved 1048576K
}
Event: 20.531 GC heap after
{Heap after GC invocations=21 (full 0):
 garbage-first heap   total 193536K, used 88474K [0x0000000080000000, 0x0000000100000000)
  region size 1024K, 11 young (11264K), 11 survivors (11264K)
 Metaspace       used 91295K, capacity 93879K, committed 94256K, reserved 1130496K
  class space    used 11967K, capacity 12956K, committed 13080K, reserved 1048576K
}

Deoptimization events (20 events):
Event: 21.958 Thread 0x000002a982cf1800 DEOPT PACKING pc=0x000002a9e139a1a7 sp=0x000000f2e3af8af0
Event: 21.958 Thread 0x000002a982cf1800 DEOPT UNPACKING pc=0x000002a9e0b19d0e sp=0x000000f2e3af8068 mode 0
Event: 21.959 Thread 0x000002a982cf1800 DEOPT PACKING pc=0x000002a9e139a1a7 sp=0x000000f2e3af8af0
Event: 21.959 Thread 0x000002a982cf1800 DEOPT UNPACKING pc=0x000002a9e0b19d0e sp=0x000000f2e3af8068 mode 0
Event: 21.961 Thread 0x000002a982cf1800 DEOPT PACKING pc=0x000002a9e139a1a7 sp=0x000000f2e3af8af0
Event: 21.961 Thread 0x000002a982cf1800 DEOPT UNPACKING pc=0x000002a9e0b19d0e sp=0x000000f2e3af8068 mode 0
Event: 21.962 Thread 0x000002a982cf1800 DEOPT PACKING pc=0x000002a9e139a1a7 sp=0x000000f2e3af8af0
Event: 21.962 Thread 0x000002a982cf1800 DEOPT UNPACKING pc=0x000002a9e0b19d0e sp=0x000000f2e3af8068 mode 0
Event: 21.964 Thread 0x000002a982cf1800 DEOPT PACKING pc=0x000002a9e139a1a7 sp=0x000000f2e3af8af0
Event: 21.964 Thread 0x000002a982cf1800 DEOPT UNPACKING pc=0x000002a9e0b19d0e sp=0x000000f2e3af8068 mode 0
Event: 21.965 Thread 0x000002a982cf1800 DEOPT PACKING pc=0x000002a9e139a1a7 sp=0x000000f2e3af8af0
Event: 21.965 Thread 0x000002a982cf1800 DEOPT UNPACKING pc=0x000002a9e0b19d0e sp=0x000000f2e3af8068 mode 0
Event: 21.966 Thread 0x000002a982cf1800 DEOPT PACKING pc=0x000002a9e139a1a7 sp=0x000000f2e3af8af0
Event: 21.966 Thread 0x000002a982cf1800 DEOPT UNPACKING pc=0x000002a9e0b19d0e sp=0x000000f2e3af8068 mode 0
Event: 21.967 Thread 0x000002a982cf1800 DEOPT PACKING pc=0x000002a9e139a1a7 sp=0x000000f2e3af8af0
Event: 21.967 Thread 0x000002a982cf1800 DEOPT UNPACKING pc=0x000002a9e0b19d0e sp=0x000000f2e3af8068 mode 0
Event: 21.967 Thread 0x000002a982cf1800 DEOPT PACKING pc=0x000002a9e139a1a7 sp=0x000000f2e3af8af0
Event: 21.968 Thread 0x000002a982cf1800 DEOPT UNPACKING pc=0x000002a9e0b19d0e sp=0x000000f2e3af8068 mode 0
Event: 21.969 Thread 0x000002a982cf1800 DEOPT PACKING pc=0x000002a9e139a1a7 sp=0x000000f2e3af8d30
Event: 21.969 Thread 0x000002a982cf1800 DEOPT UNPACKING pc=0x000002a9e0b19d0e sp=0x000000f2e3af82a8 mode 0

Classes redefined (0 events):
No events

Internal exceptions (20 events):
Event: 17.561 Thread 0x000002a9f932a800 Exception <a 'java/lang/NoSuchMethodError'{0x0000000088023fd8}: <clinit>> (0x0000000088023fd8) thrown at [src/hotspot/share/prims/jni.cpp, line 1367]
Event: 17.564 Thread 0x000002a9f932a800 Exception <a 'java/lang/NoSuchMethodError'{0x0000000088068660}: <clinit>> (0x0000000088068660) thrown at [src/hotspot/share/prims/jni.cpp, line 1367]
Event: 17.567 Thread 0x000002a9f932a800 Exception <a 'java/lang/NoSuchMethodError'{0x00000000880b8968}: <clinit>> (0x00000000880b8968) thrown at [src/hotspot/share/prims/jni.cpp, line 1367]
Event: 17.570 Thread 0x000002a9f932a800 Exception <a 'java/lang/NoSuchMethodError'{0x00000000880ee5c8}: 'void java.lang.invoke.DirectMethodHandle$Holder.invokeSpecial(java.lang.Object, java.lang.Object, java.lang.Object, int)'> (0x00000000880ee5c8) thrown at [src/hotspot/share/interpreter/linkResolver.cpp, line 773]
Event: 17.573 Thread 0x000002a982cf1800 Exception <a 'java/lang/NoSuchMethodError'{0x00000000880d29b0}: 'int java.lang.invoke.DirectMethodHandle$Holder.invokeSpecial(java.lang.Object, java.lang.Object, java.lang.Object, java.lang.Object, java.lang.Object)'> (0x00000000880d29b0) thrown at [src/hotspot/share/interpreter/linkResolver.cpp, line 773]
Event: 17.884 Thread 0x000002a982cf1800 Exception <a 'java/lang/NoSuchMethodError'{0x000000008782eee0}: 'void java.lang.invoke.DirectMethodHandle$Holder.invokeStatic(java.lang.Object, java.lang.Object, java.lang.Object, java.lang.Object, int, java.lang.Object, java.lang.Object)'> (0x000000008782eee0) thrown at [src/hotspot/share/interpreter/linkResolver.cpp, line 773]
Event: 17.955 Thread 0x000002a982cf1800 Exception <a 'java/lang/NoSuchMethodError'{0x0000000087145908}: 'java.lang.Object java.lang.invoke.DirectMethodHandle$Holder.invokeSpecialIFC(java.lang.Object, java.lang.Object, java.lang.Object)'> (0x0000000087145908) thrown at [src/hotspot/share/interpreter/linkResolver.cpp, line 773]
Event: 17.955 Thread 0x000002a9fb49d000 Exception <a 'java/lang/NoSuchMethodError'{0x000000008701d390}: 'java.lang.Object java.lang.invoke.DirectMethodHandle$Holder.invokeSpecialIFC(java.lang.Object, java.lang.Object, java.lang.Object)'> (0x000000008701d390) thrown at [src/hotspot/share/interpreter/linkResolver.cpp, line 773]
Event: 17.955 Thread 0x000002a9f931c800 Exception <a 'java/lang/NoSuchMethodError'{0x0000000087187500}: 'java.lang.Object java.lang.invoke.DirectMethodHandle$Holder.invokeSpecialIFC(java.lang.Object, java.lang.Object, java.lang.Object)'> (0x0000000087187500) thrown at [src/hotspot/share/interpreter/linkResolver.cpp, line 773]
Event: 17.955 Thread 0x000002a9fb01a000 Exception <a 'java/lang/NoSuchMethodError'{0x000000008719c6d8}: 'java.lang.Object java.lang.invoke.DirectMethodHandle$Holder.invokeSpecialIFC(java.lang.Object, java.lang.Object, java.lang.Object)'> (0x000000008719c6d8) thrown at [src/hotspot/share/interpreter/linkResolver.cpp, line 773]
Event: 17.955 Thread 0x000002a9f957a800 Exception <a 'java/lang/NoSuchMethodError'{0x0000000087009948}: 'java.lang.Object java.lang.invoke.DirectMethodHandle$Holder.invokeSpecialIFC(java.lang.Object, java.lang.Object, java.lang.Object)'> (0x0000000087009948) thrown at [src/hotspot/share/interpreter/linkResolver.cpp, line 773]
Event: 17.955 Thread 0x000002a9fbc11000 Exception <a 'java/lang/NoSuchMethodError'{0x00000000871fac98}: 'java.lang.Object java.lang.invoke.DirectMethodHandle$Holder.invokeSpecialIFC(java.lang.Object, java.lang.Object, java.lang.Object)'> (0x00000000871fac98) thrown at [src/hotspot/share/interpreter/linkResolver.cpp, line 773]
Event: 17.955 Thread 0x000002a9fb49b000 Exception <a 'java/lang/NoSuchMethodError'{0x00000000871e4be0}: 'java.lang.Object java.lang.invoke.DirectMethodHandle$Holder.invokeSpecialIFC(java.lang.Object, java.lang.Object, java.lang.Object)'> (0x00000000871e4be0) thrown at [src/hotspot/share/interpreter/linkResolver.cpp, line 773]
Event: 17.955 Thread 0x000002a9fbc10000 Exception <a 'java/lang/NoSuchMethodError'{0x00000000871b5560}: 'java.lang.Object java.lang.invoke.DirectMethodHandle$Holder.invokeSpecialIFC(java.lang.Object, java.lang.Object, java.lang.Object)'> (0x00000000871b5560) thrown at [src/hotspot/share/interpreter/linkResolver.cpp, line 773]
Event: 18.106 Thread 0x000002a9fb49f000 Exception <a 'java/lang/NoSuchMethodError'{0x000000008b61b1c0}: 'void java.lang.invoke.DirectMethodHandle$Holder.invokeVirtual(java.lang.Object, java.lang.Object)'> (0x000000008b61b1c0) thrown at [src/hotspot/share/interpreter/linkResolver.cpp, line 773]
Event: 18.936 Thread 0x000002a982cf1800 Exception <a 'java/lang/NoSuchMethodError'{0x0000000088d7b658}: 'void java.lang.invoke.DirectMethodHandle$Holder.invokeInterface(java.lang.Object, java.lang.Object, java.lang.Object, java.lang.Object)'> (0x0000000088d7b658) thrown at [src/hotspot/share/interpreter/linkResolver.cpp, line 773]
Event: 21.214 Thread 0x000002a982cf1800 Exception <a 'java/lang/NoSuchMethodError'{0x000000008b037e00}: 'java.lang.Object java.lang.invoke.DirectMethodHandle$Holder.invokeSpecial(java.lang.Object, java.lang.Object, int, int, int, java.lang.Object, java.lang.Object, java.lang.Object, int)'> (0x000000008b037e00) thrown at [src/hotspot/share/interpreter/linkResolver.cpp, line 773]
Event: 21.214 Thread 0x000002a982cf1800 Exception <a 'java/lang/NoSuchMethodError'{0x000000008b03bf58}: 'java.lang.Object java.lang.invoke.DelegatingMethodHandle$Holder.reinvoke_L(java.lang.Object, int, int, int, java.lang.Object, java.lang.Object, java.lang.Object, int)'> (0x000000008b03bf58) thrown at [src/hotspot/share/interpreter/linkResolver.cpp, line 773]
Event: 21.217 Thread 0x000002a982cf1800 Exception <a 'java/lang/NoSuchMethodError'{0x000000008b05e390}: 'java.lang.Object java.lang.invoke.DirectMethodHandle$Holder.invokeStatic(java.lang.Object, java.lang.Object, java.lang.Object, java.lang.Object, java.lang.Object, java.lang.Object, java.lang.Object, int)'> (0x000000008b05e390) thrown at [src/hotspot/share/interpreter/linkResolver.cpp, line 773]
Event: 21.344 Thread 0x000002a982cf1800 Implicit null exception at 0x000002a9e8b6f7e4 to 0x000002a9e8b701b6

Events (20 events):
Event: 21.415 loading class com/android/ide/common/blame/SourceFileJsonTypeAdapter$1
Event: 21.415 loading class com/android/ide/common/blame/SourceFileJsonTypeAdapter$1 done
Event: 21.749 loading class com/google/common/collect/AbstractMapBasedMultimap$WrappedCollection$WrappedIterator
Event: 21.749 loading class com/google/common/collect/AbstractMapBasedMultimap$WrappedCollection$WrappedIterator done
Event: 21.759 loading class org/gradle/internal/work/AsyncWorkTracker$ProjectLockRetention
Event: 21.759 loading class org/gradle/internal/work/AsyncWorkTracker$ProjectLockRetention done
Event: 21.763 loading class com/google/common/cache/LocalCache$EntrySet
Event: 21.763 loading class com/google/common/cache/LocalCache$EntrySet done
Event: 21.764 loading class com/google/common/cache/LocalCache$AbstractCacheSet
Event: 21.764 loading class com/google/common/cache/LocalCache$AbstractCacheSet done
Event: 21.765 loading class com/google/common/cache/LocalCache$EntryIterator
Event: 21.765 loading class com/google/common/cache/LocalCache$EntryIterator done
Event: 21.765 loading class com/google/common/cache/LocalCache$HashIterator
Event: 21.765 loading class com/google/common/cache/LocalCache$HashIterator done
Event: 21.777 loading class com/google/common/cache/LocalCache$WriteThroughEntry
Event: 21.777 loading class com/google/common/cache/LocalCache$WriteThroughEntry done
Event: 21.784 loading class com/android/ide/common/blame/MergingLogPersistUtil$SourcePositionsSerializer
Event: 21.784 loading class com/android/ide/common/blame/MergingLogPersistUtil$SourcePositionsSerializer done
Event: 21.785 loading class com/android/ide/common/blame/MergingLogPersistUtil$SourcePositionsSerializer$Kind
Event: 21.785 loading class com/android/ide/common/blame/MergingLogPersistUtil$SourcePositionsSerializer$Kind done


Dynamic libraries:
0x00007ff741790000 - 0x00007ff74179a000 	C:\Program Files\Android\Android Studio\jbr\bin\java.exe
0x00007ffed2830000 - 0x00007ffed2a44000 	C:\WINDOWS\SYSTEM32\ntdll.dll
0x00007ffed0bd0000 - 0x00007ffed0c93000 	C:\WINDOWS\System32\KERNEL32.DLL
0x00007ffed0020000 - 0x00007ffed03bc000 	C:\WINDOWS\System32\KERNELBASE.dll
0x00007ffecff00000 - 0x00007ffed0011000 	C:\WINDOWS\System32\ucrtbase.dll
0x00007ffeacd80000 - 0x00007ffeacd97000 	C:\Program Files\Android\Android Studio\jbr\bin\jli.dll
0x00007ffeb4b40000 - 0x00007ffeb4b5b000 	C:\Program Files\Android\Android Studio\jbr\bin\VCRUNTIME140.dll
0x00007ffed2160000 - 0x00007ffed230d000 	C:\WINDOWS\System32\USER32.dll
0x00007ffead5d0000 - 0x00007ffead85e000 	C:\WINDOWS\WinSxS\amd64_microsoft.windows.common-controls_6595b64144ccf1df_6.0.22621.608_none_a9444ca7c10bb01d\COMCTL32.dll
0x00007ffed0550000 - 0x00007ffed0576000 	C:\WINDOWS\System32\win32u.dll
0x00007ffed17a0000 - 0x00007ffed1847000 	C:\WINDOWS\System32\msvcrt.dll
0x00007ffed27c0000 - 0x00007ffed27e9000 	C:\WINDOWS\System32\GDI32.dll
0x00007ffed0430000 - 0x00007ffed0543000 	C:\WINDOWS\System32\gdi32full.dll
0x00007ffecfc70000 - 0x00007ffecfd0a000 	C:\WINDOWS\System32\msvcp_win.dll
0x00007ffed13d0000 - 0x00007ffed1401000 	C:\WINDOWS\System32\IMM32.DLL
0x00007ffe7fea0000 - 0x00007ffe7ff2d000 	C:\Program Files\Android\Android Studio\jbr\bin\msvcp140.dll
0x00007ffec8540000 - 0x00007ffec854c000 	C:\WINDOWS\SYSTEM32\VCRUNTIME140_1.dll
0x00007ffe7b040000 - 0x00007ffe7bbfc000 	C:\Program Files\Android\Android Studio\jbr\bin\server\jvm.dll
0x00007ffed0820000 - 0x00007ffed08ce000 	C:\WINDOWS\System32\ADVAPI32.dll
0x00007ffed14f0000 - 0x00007ffed1594000 	C:\WINDOWS\System32\sechost.dll
0x00007ffed2310000 - 0x00007ffed2425000 	C:\WINDOWS\System32\RPCRT4.dll
0x00007ffed0b30000 - 0x00007ffed0b38000 	C:\WINDOWS\System32\PSAPI.DLL
0x00007ffec7240000 - 0x00007ffec7249000 	C:\WINDOWS\SYSTEM32\WSOCK32.dll
0x00007ffec5250000 - 0x00007ffec5284000 	C:\WINDOWS\SYSTEM32\WINMM.dll
0x00007ffec4800000 - 0x00007ffec480a000 	C:\WINDOWS\SYSTEM32\VERSION.dll
0x00007ffed06c0000 - 0x00007ffed0731000 	C:\WINDOWS\System32\WS2_32.dll
0x00007ffecedb0000 - 0x00007ffecedc8000 	C:\WINDOWS\SYSTEM32\kernel.appcore.dll
0x00007ffec5240000 - 0x00007ffec5250000 	C:\Program Files\Android\Android Studio\jbr\bin\verify.dll
0x00007ffecd660000 - 0x00007ffecd88e000 	C:\WINDOWS\SYSTEM32\DBGHELP.DLL
0x00007ffed2430000 - 0x00007ffed27b9000 	C:\WINDOWS\System32\combase.dll
0x00007ffed0740000 - 0x00007ffed0817000 	C:\WINDOWS\System32\OLEAUT32.dll
0x00007ffec2440000 - 0x00007ffec2472000 	C:\WINDOWS\SYSTEM32\dbgcore.DLL
0x00007ffecfe80000 - 0x00007ffecfefb000 	C:\WINDOWS\System32\bcryptPrimitives.dll
0x00007ffeb0fd0000 - 0x00007ffeb0ff8000 	C:\Program Files\Android\Android Studio\jbr\bin\java.dll
0x00007ffec5230000 - 0x00007ffec523a000 	C:\Program Files\Android\Android Studio\jbr\bin\jimage.dll
0x00007ffec02d0000 - 0x00007ffec02e8000 	C:\Program Files\Android\Android Studio\jbr\bin\zip.dll
0x00007ffed1850000 - 0x00007ffed2040000 	C:\WINDOWS\System32\SHELL32.dll
0x00007ffecdc90000 - 0x00007ffece55e000 	C:\WINDOWS\SYSTEM32\windows.storage.dll
0x00007ffecdb50000 - 0x00007ffecdc8e000 	C:\WINDOWS\SYSTEM32\wintypes.dll
0x00007ffed08d0000 - 0x00007ffed09c1000 	C:\WINDOWS\System32\SHCORE.dll
0x00007ffed09d0000 - 0x00007ffed0a2e000 	C:\WINDOWS\System32\shlwapi.dll
0x00007ffecfba0000 - 0x00007ffecfbc1000 	C:\WINDOWS\SYSTEM32\profapi.dll
0x00007ffebec00000 - 0x00007ffebec19000 	C:\Program Files\Android\Android Studio\jbr\bin\net.dll
0x00007ffec7800000 - 0x00007ffec792f000 	C:\WINDOWS\SYSTEM32\WINHTTP.dll
0x00007ffecf220000 - 0x00007ffecf289000 	C:\WINDOWS\system32\mswsock.dll
0x00007ffebeb00000 - 0x00007ffebeb13000 	C:\Program Files\Android\Android Studio\jbr\bin\nio.dll
0x00007ffeb47e0000 - 0x00007ffeb4807000 	C:\Users\mehul\.gradle\native\e1d6ef7f7dcc3fd88c89a11ec53ec762bb8ba0a96d01ffa2cd45eb1d1d8dd5c5\windows-amd64\native-platform.dll
0x00007ffe78cb0000 - 0x00007ffe78df4000 	C:\Users\mehul\.gradle\native\0d407fdbe67a94daf76414ababcb853783967236a71b16ec16e742cd7a986fd3\windows-amd64\native-platform-file-events.dll
0x00007ffec4590000 - 0x00007ffec459a000 	C:\Program Files\Android\Android Studio\jbr\bin\management.dll
0x00007ffebf640000 - 0x00007ffebf64b000 	C:\Program Files\Android\Android Studio\jbr\bin\management_ext.dll
0x00007ffecf480000 - 0x00007ffecf49b000 	C:\WINDOWS\SYSTEM32\CRYPTSP.dll
0x00007ffeced20000 - 0x00007ffeced55000 	C:\WINDOWS\system32\rsaenh.dll
0x00007ffecf320000 - 0x00007ffecf348000 	C:\WINDOWS\SYSTEM32\USERENV.dll
0x00007ffecf640000 - 0x00007ffecf668000 	C:\WINDOWS\SYSTEM32\bcrypt.dll
0x00007ffecf4a0000 - 0x00007ffecf4ac000 	C:\WINDOWS\SYSTEM32\CRYPTBASE.dll
0x00007ffece820000 - 0x00007ffece84d000 	C:\WINDOWS\SYSTEM32\IPHLPAPI.DLL
0x00007ffed12e0000 - 0x00007ffed12e9000 	C:\WINDOWS\System32\NSI.dll
0x00007ffec5760000 - 0x00007ffec5779000 	C:\WINDOWS\SYSTEM32\dhcpcsvc6.DLL
0x00007ffec5550000 - 0x00007ffec556f000 	C:\WINDOWS\SYSTEM32\dhcpcsvc.DLL
0x00007ffece890000 - 0x00007ffece983000 	C:\WINDOWS\SYSTEM32\DNSAPI.dll
0x00007ffeb0fa0000 - 0x00007ffeb0fc7000 	C:\Program Files\Android\Android Studio\jbr\bin\sunec.dll
0x00007ffec4580000 - 0x00007ffec458a000 	C:\Windows\System32\rasadhlp.dll
0x00007ffec4380000 - 0x00007ffec4403000 	C:\WINDOWS\System32\fwpuclnt.dll

dbghelp: loaded successfully - version: 4.0.5 - missing functions: none
symbol engine: initialized successfully - sym options: 0x614 - pdb path: .;C:\Program Files\Android\Android Studio\jbr\bin;C:\WINDOWS\SYSTEM32;C:\WINDOWS\WinSxS\amd64_microsoft.windows.common-controls_6595b64144ccf1df_6.0.22621.608_none_a9444ca7c10bb01d;C:\Program Files\Android\Android Studio\jbr\bin\server;C:\Users\mehul\.gradle\native\e1d6ef7f7dcc3fd88c89a11ec53ec762bb8ba0a96d01ffa2cd45eb1d1d8dd5c5\windows-amd64;C:\Users\mehul\.gradle\native\0d407fdbe67a94daf76414ababcb853783967236a71b16ec16e742cd7a986fd3\windows-amd64

VM Arguments:
jvm_args: --add-opens=java.base/java.util=ALL-UNNAMED --add-opens=java.base/java.lang=ALL-UNNAMED --add-opens=java.base/java.lang.invoke=ALL-UNNAMED --add-opens=java.base/java.util=ALL-UNNAMED --add-opens=java.prefs/java.util.prefs=ALL-UNNAMED --add-opens=java.prefs/java.util.prefs=ALL-UNNAMED --add-opens=java.base/java.nio.charset=ALL-UNNAMED --add-opens=java.base/java.net=ALL-UNNAMED --add-opens=java.base/java.util.concurrent.atomic=ALL-UNNAMED -Xmx2048m -Dfile.encoding=UTF-8 -Duser.country=IN -Duser.language=en -Duser.variant 
java_command: org.gradle.launcher.daemon.bootstrap.GradleDaemon 7.5
java_class_path (initial): C:\Users\mehul\.gradle\wrapper\dists\gradle-7.5-bin\f1w0cc9nuo0eivz97x2xlu9sv\gradle-7.5\lib\gradle-launcher-7.5.jar
Launcher Type: SUN_STANDARD

[Global flags]
     intx CICompilerCount                          = 4                                         {product} {ergonomic}
     uint ConcGCThreads                            = 2                                         {product} {ergonomic}
     uint G1ConcRefinementThreads                  = 8                                         {product} {ergonomic}
   size_t G1HeapRegionSize                         = 1048576                                   {product} {ergonomic}
    uintx GCDrainStackTargetSize                   = 64                                        {product} {ergonomic}
   size_t InitialHeapSize                          = 132120576                                 {product} {ergonomic}
   size_t MarkStackSize                            = 4194304                                   {product} {ergonomic}
   size_t MaxHeapSize                              = 2147483648                                {product} {command line}
   size_t MaxNewSize                               = 1287651328                                {product} {ergonomic}
   size_t MinHeapDeltaBytes                        = 1048576                                   {product} {ergonomic}
    uintx NonNMethodCodeHeapSize                   = 5836300                                {pd product} {ergonomic}
    uintx NonProfiledCodeHeapSize                  = 122910970                              {pd product} {ergonomic}
    uintx ProfiledCodeHeapSize                     = 122910970                              {pd product} {ergonomic}
    uintx ReservedCodeCacheSize                    = 251658240                              {pd product} {ergonomic}
     bool SegmentedCodeCache                       = true                                      {product} {ergonomic}
     bool UseCompressedClassPointers               = true                                 {lp64_product} {ergonomic}
     bool UseCompressedOops                        = true                                 {lp64_product} {ergonomic}
     bool UseG1GC                                  = true                                      {product} {ergonomic}
     bool UseLargePagesIndividualAllocation        = false                                  {pd product} {ergonomic}

Logging:
Log output configuration:
 #0: stdout all=warning uptime,level,tags
 #1: stderr all=off uptime,level,tags

Environment Variables:
PATH=C:\Program Files\Common Files\Oracle\Java\javapath;C:\Program Files (x86)\Common Files\Intel\Shared Libraries\redist\intel64\compiler;C:\windows\system32;C:\windows;C:\windows\System32\Wbem;C:\windows\System32\WindowsPowerShell\v1.0\;C:\windows\System32\OpenSSH\;C:\Program Files (x86)\NVIDIA Corporation\PhysX\Common;C:\WINDOWS\system32;C:\WINDOWS;C:\WINDOWS\System32\Wbem;C:\WINDOWS\System32\WindowsPowerShell\v1.0\;C:\WINDOWS\System32\OpenSSH\;C:\Program Files\dotnet\;C:\Program Files\WindowsPowerShell\Scripts\HP.ClientScriptLibrary;C:\Program Files\NVIDIA Corporation\NVIDIA NvDLISR;C:\Program Files\Java\jdk-19\bin;C:\Program Files\Git\cmd;C:\Program Files\MySQL\MySQL Shell 8.0\bin\;C:\Users\mehul\AppData\Local\Programs\Python\Python310\Scripts\;C:\Users\mehul\AppData\Local\Programs\Python\Python310\;C:\Users\mehul\AppData\Local\Microsoft\WindowsApps;;C:\Users\mehul\AppData\Local\Programs\Microsoft VS Code\bin
USERNAME=mehul
OS=Windows_NT
PROCESSOR_IDENTIFIER=Intel64 Family 6 Model 140 Stepping 1, GenuineIntel



---------------  S Y S T E M  ---------------

OS: Windows 11 , 64 bit Build 22621 (10.0.22621.1344)
OS uptime: 1 days 0:17 hours

CPU:total 8 (initial active 8) (4 cores per cpu, 2 threads per core) family 6 model 140 stepping 1 microcode 0xa4, cmov, cx8, fxsr, mmx, sse, sse2, sse3, ssse3, sse4.1, sse4.2, popcnt, avx, avx2, aes, clmul, erms, 3dnowpref, lzcnt, ht, tsc, tscinvbit, bmi1, bmi2, adx, evex, sha, fma

Memory: 4k page, system-wide physical 7948M (278M free)
TotalPageFile size 9948M (AvailPageFile size 5M)
current process WorkingSet (physical memory assigned to process): 447M, peak: 462M
current process commit charge ("private bytes"): 481M, peak: 496M

vm_info: OpenJDK 64-Bit Server VM (11.0.15+0-b2043.56-8887301) for windows-amd64 JRE (11.0.15+0-b2043.56-8887301), built on Jul 29 2022 23:19:47 by "builduser" with unknown MS VC++:1929

END.
